::1 - - [02/Nov/2019:10:28:32 +0000] "GET /api/members/rlE7n0uK HTTP/1.1" 200 169 "http://localhost:4200/profile/rlE7n0uK" "Mozilla/5.0 (iPhone; OS 5_0 like Mac OS X) AppleWebKit/534.46 (KHTML, like Gecko) Version/5.1 Mobile/9A334 Safari/7534.48.3"
::1 - - [02/Nov/2019:10:28:32 +0000] "GET /api/members/rlE7n0uK HTTP/1.1" 200 169 "http://localhost:4200/profile/rlE7n0uK" "Mozilla/5.0 (iPhone; OS 5_0 like Mac OS X) AppleWebKit/534.46 (KHTML, like Gecko) Version/5.1 Mobile/9A334 Safari/7534.48.3"
::1 - - [02/Nov/2019:10:28:48 +0000] "GET /api/members/rlE7n0uK HTTP/1.1" 200 169 "http://localhost:4200/profile/rlE7n0uK" "Mozilla/5.0 (iPhone; OS 5_0 like Mac OS X) AppleWebKit/534.46 (KHTML, like Gecko) Version/5.1 Mobile/9A334 Safari/7534.48.3"
::1 - - [02/Nov/2019:10:28:48 +0000] "GET /api/members/rlE7n0uK HTTP/1.1" 200 169 "http://localhost:4200/profile/rlE7n0uK" "Mozilla/5.0 (iPhone; OS 5_0 like Mac OS X) AppleWebKit/534.46 (KHTML, like Gecko) Version/5.1 Mobile/9A334 Safari/7534.48.3"
::1 - - [02/Nov/2019:10:28:59 +0000] "GET /api/members/rlE7n0uK HTTP/1.1" 304 - "http://localhost:4200/profile/rlE7n0uK" "Mozilla/5.0 (Macintosh; Intel Mac OS X 10_14_6) AppleWebKit/537.36 (KHTML, like Gecko) Chrome/78.0.3904.70 Safari/537.36"
::1 - - [02/Nov/2019:10:28:59 +0000] "GET /api/members/rlE7n0uK HTTP/1.1" 304 - "http://localhost:4200/profile/rlE7n0uK" "Mozilla/5.0 (Macintosh; Intel Mac OS X 10_14_6) AppleWebKit/537.36 (KHTML, like Gecko) Chrome/78.0.3904.70 Safari/537.36"
::1 - - [02/Nov/2019:10:29:05 +0000] "GET /api/members/rlE7n0uK HTTP/1.1" 304 - "http://localhost:4200/profile/rlE7n0uK" "Mozilla/5.0 (Macintosh; Intel Mac OS X 10_14_6) AppleWebKit/537.36 (KHTML, like Gecko) Chrome/78.0.3904.70 Safari/537.36"
::1 - - [02/Nov/2019:10:29:05 +0000] "GET /api/members/rlE7n0uK HTTP/1.1" 304 - "http://localhost:4200/profile/rlE7n0uK" "Mozilla/5.0 (Macintosh; Intel Mac OS X 10_14_6) AppleWebKit/537.36 (KHTML, like Gecko) Chrome/78.0.3904.70 Safari/537.36"
::1 - - [02/Nov/2019:10:29:14 +0000] "GET /api/members/rlE7n0uK HTTP/1.1" 304 - "http://localhost:4200/profile/rlE7n0uK" "Mozilla/5.0 (Macintosh; Intel Mac OS X 10_14_6) AppleWebKit/537.36 (KHTML, like Gecko) Chrome/78.0.3904.70 Safari/537.36"
::1 - - [02/Nov/2019:10:29:14 +0000] "GET /api/members/rlE7n0uK HTTP/1.1" 304 - "http://localhost:4200/profile/rlE7n0uK" "Mozilla/5.0 (Macintosh; Intel Mac OS X 10_14_6) AppleWebKit/537.36 (KHTML, like Gecko) Chrome/78.0.3904.70 Safari/537.36"
::1 - - [02/Nov/2019:10:29:16 +0000] "GET /api/members/rlE7n0uK HTTP/1.1" 304 - "http://localhost:4200/profile/rlE7n0uK" "Mozilla/5.0 (Macintosh; Intel Mac OS X 10_14_6) AppleWebKit/537.36 (KHTML, like Gecko) Chrome/78.0.3904.70 Safari/537.36"
::1 - - [02/Nov/2019:10:29:17 +0000] "GET /api/members/rlE7n0uK HTTP/1.1" 304 - "http://localhost:4200/profile/rlE7n0uK" "Mozilla/5.0 (Macintosh; Intel Mac OS X 10_14_6) AppleWebKit/537.36 (KHTML, like Gecko) Chrome/78.0.3904.70 Safari/537.36"
::1 - - [02/Nov/2019:10:29:34 +0000] "GET /api/members/rlE7n0uK HTTP/1.1" 200 169 "http://localhost:4200/profile/rlE7n0uK" "Mozilla/5.0 (iPhone; OS 5_0 like Mac OS X) AppleWebKit/534.46 (KHTML, like Gecko) Version/5.1 Mobile/9A334 Safari/7534.48.3"
::1 - - [02/Nov/2019:10:29:34 +0000] "GET /api/members/rlE7n0uK HTTP/1.1" 200 169 "http://localhost:4200/profile/rlE7n0uK" "Mozilla/5.0 (iPhone; OS 5_0 like Mac OS X) AppleWebKit/534.46 (KHTML, like Gecko) Version/5.1 Mobile/9A334 Safari/7534.48.3"
::1 - - [02/Nov/2019:10:29:55 +0000] "GET /api/members/rlE7n0uK HTTP/1.1" 200 169 "http://localhost:4200/profile/rlE7n0uK" "Mozilla/5.0 (iPhone; OS 5_0 like Mac OS X) AppleWebKit/534.46 (KHTML, like Gecko) Version/5.1 Mobile/9A334 Safari/7534.48.3"
::1 - - [02/Nov/2019:10:29:55 +0000] "GET /api/members/rlE7n0uK HTTP/1.1" 200 169 "http://localhost:4200/profile/rlE7n0uK" "Mozilla/5.0 (iPhone; OS 5_0 like Mac OS X) AppleWebKit/534.46 (KHTML, like Gecko) Version/5.1 Mobile/9A334 Safari/7534.48.3"
::1 - - [02/Nov/2019:10:31:15 +0000] "GET /api/members/rlE7n0uK HTTP/1.1" 304 - "http://localhost:4200/profile/rlE7n0uK" "Mozilla/5.0 (Macintosh; Intel Mac OS X 10_14_6) AppleWebKit/537.36 (KHTML, like Gecko) Chrome/78.0.3904.70 Safari/537.36"
::1 - - [02/Nov/2019:10:31:15 +0000] "GET /api/members/rlE7n0uK HTTP/1.1" 304 - "http://localhost:4200/profile/rlE7n0uK" "Mozilla/5.0 (Macintosh; Intel Mac OS X 10_14_6) AppleWebKit/537.36 (KHTML, like Gecko) Chrome/78.0.3904.70 Safari/537.36"
::1 - - [02/Nov/2019:10:31:19 +0000] "GET /api/members/rlE7n0uK HTTP/1.1" 304 - "http://localhost:4200/profile/rlE7n0uK" "Mozilla/5.0 (Macintosh; Intel Mac OS X 10_14_6) AppleWebKit/537.36 (KHTML, like Gecko) Chrome/78.0.3904.70 Safari/537.36"
::1 - - [02/Nov/2019:10:31:19 +0000] "GET /api/members/rlE7n0uK HTTP/1.1" 304 - "http://localhost:4200/profile/rlE7n0uK" "Mozilla/5.0 (Macintosh; Intel Mac OS X 10_14_6) AppleWebKit/537.36 (KHTML, like Gecko) Chrome/78.0.3904.70 Safari/537.36"
::1 - - [02/Nov/2019:10:31:24 +0000] "GET /api/members/rlE7n0uK HTTP/1.1" 304 - "http://localhost:4200/profile/rlE7n0uK" "Mozilla/5.0 (Macintosh; Intel Mac OS X 10_14_6) AppleWebKit/537.36 (KHTML, like Gecko) Chrome/78.0.3904.70 Safari/537.36"
::1 - - [02/Nov/2019:10:31:24 +0000] "GET /api/members/rlE7n0uK HTTP/1.1" 304 - "http://localhost:4200/profile/rlE7n0uK" "Mozilla/5.0 (Macintosh; Intel Mac OS X 10_14_6) AppleWebKit/537.36 (KHTML, like Gecko) Chrome/78.0.3904.70 Safari/537.36"
::1 - - [02/Nov/2019:10:31:31 +0000] "GET /api/members/rlE7n0uK HTTP/1.1" 304 - "http://localhost:4200/profile/rlE7n0uK" "Mozilla/5.0 (Macintosh; Intel Mac OS X 10_14_6) AppleWebKit/537.36 (KHTML, like Gecko) Chrome/78.0.3904.70 Safari/537.36"
::1 - - [02/Nov/2019:10:31:31 +0000] "GET /api/members/rlE7n0uK HTTP/1.1" 304 - "http://localhost:4200/profile/rlE7n0uK" "Mozilla/5.0 (Macintosh; Intel Mac OS X 10_14_6) AppleWebKit/537.36 (KHTML, like Gecko) Chrome/78.0.3904.70 Safari/537.36"
::1 - - [02/Nov/2019:10:31:39 +0000] "GET /api/members/rlE7n0uK HTTP/1.1" 304 - "http://localhost:4200/profile/rlE7n0uK" "Mozilla/5.0 (Macintosh; Intel Mac OS X 10_14_6) AppleWebKit/537.36 (KHTML, like Gecko) Chrome/78.0.3904.70 Safari/537.36"
::1 - - [02/Nov/2019:10:31:39 +0000] "GET /api/members/rlE7n0uK HTTP/1.1" 304 - "http://localhost:4200/profile/rlE7n0uK" "Mozilla/5.0 (Macintosh; Intel Mac OS X 10_14_6) AppleWebKit/537.36 (KHTML, like Gecko) Chrome/78.0.3904.70 Safari/537.36"
::1 - - [02/Nov/2019:10:31:46 +0000] "GET /api/members/rlE7n0uK HTTP/1.1" 304 - "http://localhost:4200/profile/rlE7n0uK" "Mozilla/5.0 (Macintosh; Intel Mac OS X 10_14_6) AppleWebKit/537.36 (KHTML, like Gecko) Chrome/78.0.3904.70 Safari/537.36"
::1 - - [02/Nov/2019:10:31:46 +0000] "GET /api/members/rlE7n0uK HTTP/1.1" 304 - "http://localhost:4200/profile/rlE7n0uK" "Mozilla/5.0 (Macintosh; Intel Mac OS X 10_14_6) AppleWebKit/537.36 (KHTML, like Gecko) Chrome/78.0.3904.70 Safari/537.36"
::1 - - [02/Nov/2019:10:31:52 +0000] "GET /api/members/rlE7n0uK HTTP/1.1" 304 - "http://localhost:4200/profile/rlE7n0uK" "Mozilla/5.0 (Macintosh; Intel Mac OS X 10_14_6) AppleWebKit/537.36 (KHTML, like Gecko) Chrome/78.0.3904.70 Safari/537.36"
::1 - - [02/Nov/2019:10:31:52 +0000] "GET /api/members/rlE7n0uK HTTP/1.1" 304 - "http://localhost:4200/profile/rlE7n0uK" "Mozilla/5.0 (Macintosh; Intel Mac OS X 10_14_6) AppleWebKit/537.36 (KHTML, like Gecko) Chrome/78.0.3904.70 Safari/537.36"
::1 - - [02/Nov/2019:10:32:21 +0000] "GET /api/members/rlE7n0uK HTTP/1.1" 304 - "http://localhost:4200/profile/rlE7n0uK" "Mozilla/5.0 (Macintosh; Intel Mac OS X 10_14_6) AppleWebKit/537.36 (KHTML, like Gecko) Chrome/78.0.3904.70 Safari/537.36"
::1 - - [02/Nov/2019:10:32:21 +0000] "GET /api/members/rlE7n0uK HTTP/1.1" 304 - "http://localhost:4200/profile/rlE7n0uK" "Mozilla/5.0 (Macintosh; Intel Mac OS X 10_14_6) AppleWebKit/537.36 (KHTML, like Gecko) Chrome/78.0.3904.70 Safari/537.36"
::1 - - [02/Nov/2019:10:32:27 +0000] "GET /api/members/rlE7n0uK HTTP/1.1" 304 - "http://localhost:4200/profile/rlE7n0uK" "Mozilla/5.0 (Macintosh; Intel Mac OS X 10_14_6) AppleWebKit/537.36 (KHTML, like Gecko) Chrome/78.0.3904.70 Safari/537.36"
::1 - - [02/Nov/2019:10:32:27 +0000] "GET /api/members/rlE7n0uK HTTP/1.1" 304 - "http://localhost:4200/profile/rlE7n0uK" "Mozilla/5.0 (Macintosh; Intel Mac OS X 10_14_6) AppleWebKit/537.36 (KHTML, like Gecko) Chrome/78.0.3904.70 Safari/537.36"
::1 - - [02/Nov/2019:10:32:34 +0000] "GET /api/members/rlE7n0uK HTTP/1.1" 200 169 "http://localhost:4200/profile/rlE7n0uK" "Mozilla/5.0 (iPhone; OS 5_0 like Mac OS X) AppleWebKit/534.46 (KHTML, like Gecko) Version/5.1 Mobile/9A334 Safari/7534.48.3"
::1 - - [02/Nov/2019:10:32:34 +0000] "GET /api/members/rlE7n0uK HTTP/1.1" 200 169 "http://localhost:4200/profile/rlE7n0uK" "Mozilla/5.0 (iPhone; OS 5_0 like Mac OS X) AppleWebKit/534.46 (KHTML, like Gecko) Version/5.1 Mobile/9A334 Safari/7534.48.3"
::1 - - [02/Nov/2019:10:32:41 +0000] "GET /api/members/rlE7n0uK HTTP/1.1" 200 169 "http://localhost:4200/profile/rlE7n0uK" "Mozilla/5.0 (Linux; Android 5.0.2; SAMSUNG SM-T550 Build/LRX22G) AppleWebKit/537.36 (KHTML, like Gecko) SamsungBrowser/3.3 Chrome/38.0.2125.102 Safari/537.36"
::1 - - [02/Nov/2019:10:32:41 +0000] "GET /api/members/rlE7n0uK HTTP/1.1" 200 169 "http://localhost:4200/profile/rlE7n0uK" "Mozilla/5.0 (Linux; Android 5.0.2; SAMSUNG SM-T550 Build/LRX22G) AppleWebKit/537.36 (KHTML, like Gecko) SamsungBrowser/3.3 Chrome/38.0.2125.102 Safari/537.36"
::1 - - [02/Nov/2019:10:32:53 +0000] "GET /api/members/rlE7n0uK HTTP/1.1" 200 169 "http://localhost:4200/profile/rlE7n0uK" "Mozilla/5.0 (iPhone; OS 5_0 like Mac OS X) AppleWebKit/534.46 (KHTML, like Gecko) Version/5.1 Mobile/9A334 Safari/7534.48.3"
::1 - - [02/Nov/2019:10:32:53 +0000] "GET /api/members/rlE7n0uK HTTP/1.1" 200 169 "http://localhost:4200/profile/rlE7n0uK" "Mozilla/5.0 (iPhone; OS 5_0 like Mac OS X) AppleWebKit/534.46 (KHTML, like Gecko) Version/5.1 Mobile/9A334 Safari/7534.48.3"
::1 - - [02/Nov/2019:10:33:38 +0000] "GET /api/members/rlE7n0uK HTTP/1.1" 200 169 "http://localhost:4200/profile/rlE7n0uK" "Mozilla/5.0 (iPhone; OS 5_0 like Mac OS X) AppleWebKit/534.46 (KHTML, like Gecko) Version/5.1 Mobile/9A334 Safari/7534.48.3"
::1 - - [02/Nov/2019:10:33:38 +0000] "GET /api/members/rlE7n0uK HTTP/1.1" 200 169 "http://localhost:4200/profile/rlE7n0uK" "Mozilla/5.0 (iPhone; OS 5_0 like Mac OS X) AppleWebKit/534.46 (KHTML, like Gecko) Version/5.1 Mobile/9A334 Safari/7534.48.3"
::1 - - [02/Nov/2019:10:33:42 +0000] "GET /api/members/rlE7n0uK HTTP/1.1" 200 169 "http://localhost:4200/profile/rlE7n0uK" "Mozilla/5.0 (iPhone; OS 5_0 like Mac OS X) AppleWebKit/534.46 (KHTML, like Gecko) Version/5.1 Mobile/9A334 Safari/7534.48.3"
::1 - - [02/Nov/2019:10:33:42 +0000] "GET /api/members/rlE7n0uK HTTP/1.1" 200 169 "http://localhost:4200/profile/rlE7n0uK" "Mozilla/5.0 (iPhone; OS 5_0 like Mac OS X) AppleWebKit/534.46 (KHTML, like Gecko) Version/5.1 Mobile/9A334 Safari/7534.48.3"
::1 - - [02/Nov/2019:10:53:56 +0000] "GET /api/members/rlE7n0uK HTTP/1.1" 304 - "http://localhost:4200/profile/rlE7n0uK" "Mozilla/5.0 (Macintosh; Intel Mac OS X 10_14_6) AppleWebKit/537.36 (KHTML, like Gecko) Chrome/78.0.3904.70 Safari/537.36"
::1 - - [02/Nov/2019:10:53:56 +0000] "GET /api/members/rlE7n0uK HTTP/1.1" 304 - "http://localhost:4200/profile/rlE7n0uK" "Mozilla/5.0 (Macintosh; Intel Mac OS X 10_14_6) AppleWebKit/537.36 (KHTML, like Gecko) Chrome/78.0.3904.70 Safari/537.36"
::1 - - [02/Nov/2019:11:50:09 +0000] "GET /api/members/rlE7n0uK HTTP/1.1" 500 2515 "http://localhost:4200/profile/rlE7n0uK" "Mozilla/5.0 (iPhone; OS 5_0 like Mac OS X) AppleWebKit/534.46 (KHTML, like Gecko) Version/5.1 Mobile/9A334 Safari/7534.48.3"
::1 - - [02/Nov/2019:11:50:09 +0000] "GET /api/members/rlE7n0uK HTTP/1.1" 500 2515 "http://localhost:4200/profile/rlE7n0uK" "Mozilla/5.0 (iPhone; OS 5_0 like Mac OS X) AppleWebKit/534.46 (KHTML, like Gecko) Version/5.1 Mobile/9A334 Safari/7534.48.3"
::1 - - [02/Nov/2019:11:50:25 +0000] "GET /api/members/rlE7n0uK HTTP/1.1" - - "http://localhost:4200/profile/rlE7n0uK" "Mozilla/5.0 (iPhone; OS 5_0 like Mac OS X) AppleWebKit/534.46 (KHTML, like Gecko) Version/5.1 Mobile/9A334 Safari/7534.48.3"
::1 - - [02/Nov/2019:11:50:25 +0000] "GET /api/members/rlE7n0uK HTTP/1.1" - - "http://localhost:4200/profile/rlE7n0uK" "Mozilla/5.0 (iPhone; OS 5_0 like Mac OS X) AppleWebKit/534.46 (KHTML, like Gecko) Version/5.1 Mobile/9A334 Safari/7534.48.3"
::1 - - [02/Nov/2019:14:37:28 +0000] "GET /api/members/rlE7n0uK HTTP/1.1" - - "http://localhost:4200/profile/rlE7n0uK" "Mozilla/5.0 (Linux; Android 6.0; Nexus 5 Build/MRA58N) AppleWebKit/537.36 (KHTML, like Gecko) Chrome/78.0.3904.70 Mobile Safari/537.36"
::1 - - [02/Nov/2019:14:37:28 +0000] "GET /api/members/rlE7n0uK HTTP/1.1" - - "http://localhost:4200/profile/rlE7n0uK" "Mozilla/5.0 (Linux; Android 6.0; Nexus 5 Build/MRA58N) AppleWebKit/537.36 (KHTML, like Gecko) Chrome/78.0.3904.70 Mobile Safari/537.36"
::1 - - [02/Nov/2019:14:50:55 +0000] "GET /api/members/rlE7n0uK HTTP/1.1" - - "http://localhost:4200/" "Mozilla/5.0 (Linux; Android 6.0; Nexus 5 Build/MRA58N) AppleWebKit/537.36 (KHTML, like Gecko) Chrome/78.0.3904.70 Mobile Safari/537.36"
::1 - - [02/Nov/2019:14:52:04 +0000] "GET /api/members/rlE7n0uK HTTP/1.1" - - "http://localhost:4200/home" "Mozilla/5.0 (Linux; Android 6.0; Nexus 5 Build/MRA58N) AppleWebKit/537.36 (KHTML, like Gecko) Chrome/78.0.3904.70 Mobile Safari/537.36"
::1 - - [02/Nov/2019:14:52:11 +0000] "GET /api/members/rlE7n0uK HTTP/1.1" - - "http://localhost:4200/home" "Mozilla/5.0 (Linux; Android 6.0; Nexus 5 Build/MRA58N) AppleWebKit/537.36 (KHTML, like Gecko) Chrome/78.0.3904.70 Mobile Safari/537.36"
::1 - - [02/Nov/2019:14:52:14 +0000] "GET /api/members/rlE7n0uK HTTP/1.1" - - "http://localhost:4200/home" "Mozilla/5.0 (Linux; Android 6.0; Nexus 5 Build/MRA58N) AppleWebKit/537.36 (KHTML, like Gecko) Chrome/78.0.3904.70 Mobile Safari/537.36"
::1 - - [02/Nov/2019:14:52:52 +0000] "GET /api/members/rlE7n0uK HTTP/1.1" - - "http://localhost:4200/home" "Mozilla/5.0 (Linux; Android 6.0; Nexus 5 Build/MRA58N) AppleWebKit/537.36 (KHTML, like Gecko) Chrome/78.0.3904.70 Mobile Safari/537.36"
::1 - - [02/Nov/2019:14:53:12 +0000] "GET /api/members/rlE7n0uK HTTP/1.1" - - "http://localhost:4200/profile" "Mozilla/5.0 (Linux; Android 6.0; Nexus 5 Build/MRA58N) AppleWebKit/537.36 (KHTML, like Gecko) Chrome/78.0.3904.70 Mobile Safari/537.36"
::1 - - [02/Nov/2019:14:54:26 +0000] "GET /api/members/rlE7n0uK HTTP/1.1" - - "http://localhost:4200/profile" "Mozilla/5.0 (Linux; Android 6.0; Nexus 5 Build/MRA58N) AppleWebKit/537.36 (KHTML, like Gecko) Chrome/78.0.3904.70 Mobile Safari/537.36"
::1 - - [02/Nov/2019:14:55:58 +0000] "GET /api/members/rlE7n0uK HTTP/1.1" - - "http://localhost:4200/profile" "Mozilla/5.0 (Linux; Android 6.0; Nexus 5 Build/MRA58N) AppleWebKit/537.36 (KHTML, like Gecko) Chrome/78.0.3904.70 Mobile Safari/537.36"
::1 - - [02/Nov/2019:14:56:04 +0000] "GET /api/members/rlE7n0uK HTTP/1.1" - - "http://localhost:4200/home" "Mozilla/5.0 (Linux; Android 6.0; Nexus 5 Build/MRA58N) AppleWebKit/537.36 (KHTML, like Gecko) Chrome/78.0.3904.70 Mobile Safari/537.36"
::1 - - [02/Nov/2019:14:56:58 +0000] "GET /api/members/rlE7n0uK HTTP/1.1" - - "http://localhost:4200/home" "Mozilla/5.0 (Linux; Android 6.0; Nexus 5 Build/MRA58N) AppleWebKit/537.36 (KHTML, like Gecko) Chrome/78.0.3904.70 Mobile Safari/537.36"
::1 - - [02/Nov/2019:14:57:06 +0000] "GET /api/members/rlE7n0uK HTTP/1.1" - - "http://localhost:4200/auth/login" "Mozilla/5.0 (Linux; Android 6.0; Nexus 5 Build/MRA58N) AppleWebKit/537.36 (KHTML, like Gecko) Chrome/78.0.3904.70 Mobile Safari/537.36"
::1 - - [02/Nov/2019:14:57:44 +0000] "GET /api/members/rlE7n0uK HTTP/1.1" - - "http://localhost:4200/auth/login" "Mozilla/5.0 (Linux; Android 6.0; Nexus 5 Build/MRA58N) AppleWebKit/537.36 (KHTML, like Gecko) Chrome/78.0.3904.70 Mobile Safari/537.36"
::1 - - [02/Nov/2019:14:57:50 +0000] "GET /api/members/rlE7n0uK HTTP/1.1" - - "http://localhost:4200/auth/login" "Mozilla/5.0 (Linux; Android 6.0; Nexus 5 Build/MRA58N) AppleWebKit/537.36 (KHTML, like Gecko) Chrome/78.0.3904.70 Mobile Safari/537.36"
::1 - - [02/Nov/2019:14:58:33 +0000] "GET /api/members/rlE7n0uK HTTP/1.1" - - "http://localhost:4200/auth/login" "Mozilla/5.0 (Linux; Android 6.0; Nexus 5 Build/MRA58N) AppleWebKit/537.36 (KHTML, like Gecko) Chrome/78.0.3904.70 Mobile Safari/537.36"
::1 - - [02/Nov/2019:14:58:37 +0000] "GET /api/members/rlE7n0uK HTTP/1.1" - - "http://localhost:4200/auth/login" "Mozilla/5.0 (Linux; Android 6.0; Nexus 5 Build/MRA58N) AppleWebKit/537.36 (KHTML, like Gecko) Chrome/78.0.3904.70 Mobile Safari/537.36"
::1 - - [02/Nov/2019:14:58:40 +0000] "GET /api/members/rlE7n0uK HTTP/1.1" - - "http://localhost:4200/auth/login" "Mozilla/5.0 (Linux; Android 6.0; Nexus 5 Build/MRA58N) AppleWebKit/537.36 (KHTML, like Gecko) Chrome/78.0.3904.70 Mobile Safari/537.36"
::1 - - [02/Nov/2019:14:58:51 +0000] "GET /api/members/rlE7n0uK HTTP/1.1" - - "http://localhost:4200/auth/login" "Mozilla/5.0 (Linux; Android 6.0; Nexus 5 Build/MRA58N) AppleWebKit/537.36 (KHTML, like Gecko) Chrome/78.0.3904.70 Mobile Safari/537.36"
::1 - - [02/Nov/2019:14:59:11 +0000] "GET /api/members/rlE7n0uK HTTP/1.1" - - "http://localhost:4200/" "Mozilla/5.0 (Linux; Android 6.0; Nexus 5 Build/MRA58N) AppleWebKit/537.36 (KHTML, like Gecko) Chrome/78.0.3904.70 Mobile Safari/537.36"
::1 - - [02/Nov/2019:15:00:26 +0000] "GET /api/members/rlE7n0uK HTTP/1.1" 200 169 "http://localhost:4200/home" "Mozilla/5.0 (Linux; Android 6.0; Nexus 5 Build/MRA58N) AppleWebKit/537.36 (KHTML, like Gecko) Chrome/78.0.3904.70 Mobile Safari/537.36"
::1 - - [02/Nov/2019:15:00:47 +0000] "GET /api/members/rlE7n0uK HTTP/1.1" 200 169 "http://localhost:4200/home" "Mozilla/5.0 (Linux; Android 6.0; Nexus 5 Build/MRA58N) AppleWebKit/537.36 (KHTML, like Gecko) Chrome/78.0.3904.70 Mobile Safari/537.36"
::1 - - [02/Nov/2019:15:00:50 +0000] "GET /api/members/rlE7n0uK HTTP/1.1" 200 169 "http://localhost:4200/home" "Mozilla/5.0 (Linux; Android 6.0; Nexus 5 Build/MRA58N) AppleWebKit/537.36 (KHTML, like Gecko) Chrome/78.0.3904.70 Mobile Safari/537.36"
::1 - - [02/Nov/2019:15:00:53 +0000] "GET /api/members/rlE7n0uK HTTP/1.1" 200 169 "http://localhost:4200/home" "Mozilla/5.0 (Linux; Android 6.0; Nexus 5 Build/MRA58N) AppleWebKit/537.36 (KHTML, like Gecko) Chrome/78.0.3904.70 Mobile Safari/537.36"
::1 - - [02/Nov/2019:15:01:13 +0000] "GET /api/members/rlE7n0uK HTTP/1.1" 200 169 "http://localhost:4200/home" "Mozilla/5.0 (Linux; Android 6.0; Nexus 5 Build/MRA58N) AppleWebKit/537.36 (KHTML, like Gecko) Chrome/78.0.3904.70 Mobile Safari/537.36"
::1 - - [02/Nov/2019:15:01:17 +0000] "GET /api/members/rlE7n0uK HTTP/1.1" 200 169 "http://localhost:4200/home" "Mozilla/5.0 (Linux; Android 6.0; Nexus 5 Build/MRA58N) AppleWebKit/537.36 (KHTML, like Gecko) Chrome/78.0.3904.70 Mobile Safari/537.36"
::1 - - [02/Nov/2019:15:02:59 +0000] "GET /api/members/rlE7n0uK HTTP/1.1" 200 169 "http://localhost:4200/profile/rlE7n0uK" "Mozilla/5.0 (Linux; Android 6.0; Nexus 5 Build/MRA58N) AppleWebKit/537.36 (KHTML, like Gecko) Chrome/78.0.3904.70 Mobile Safari/537.36"
::1 - - [02/Nov/2019:15:02:59 +0000] "GET /api/members/rlE7n0uK HTTP/1.1" 200 169 "http://localhost:4200/profile/rlE7n0uK" "Mozilla/5.0 (Linux; Android 6.0; Nexus 5 Build/MRA58N) AppleWebKit/537.36 (KHTML, like Gecko) Chrome/78.0.3904.70 Mobile Safari/537.36"
::1 - - [02/Nov/2019:15:03:09 +0000] "GET /api/members/rlE7n0uK HTTP/1.1" 200 169 "http://localhost:4200/profile/rlE7n0uK" "Mozilla/5.0 (Linux; Android 6.0; Nexus 5 Build/MRA58N) AppleWebKit/537.36 (KHTML, like Gecko) Chrome/78.0.3904.70 Mobile Safari/537.36"
::1 - - [02/Nov/2019:15:03:09 +0000] "GET /api/members/rlE7n0uK HTTP/1.1" 200 169 "http://localhost:4200/profile/rlE7n0uK" "Mozilla/5.0 (Linux; Android 6.0; Nexus 5 Build/MRA58N) AppleWebKit/537.36 (KHTML, like Gecko) Chrome/78.0.3904.70 Mobile Safari/537.36"
::1 - - [02/Nov/2019:15:03:13 +0000] "GET /api/members/rlE7n0uK HTTP/1.1" 200 169 "http://localhost:4200/profile/rlE7n0uK" "Mozilla/5.0 (Linux; Android 6.0; Nexus 5 Build/MRA58N) AppleWebKit/537.36 (KHTML, like Gecko) Chrome/78.0.3904.70 Mobile Safari/537.36"
::1 - - [02/Nov/2019:15:03:13 +0000] "GET /api/members/rlE7n0uK HTTP/1.1" 200 169 "http://localhost:4200/profile/rlE7n0uK" "Mozilla/5.0 (Linux; Android 6.0; Nexus 5 Build/MRA58N) AppleWebKit/537.36 (KHTML, like Gecko) Chrome/78.0.3904.70 Mobile Safari/537.36"
::1 - - [02/Nov/2019:15:03:45 +0000] "GET /api/members/rlE7n0uK HTTP/1.1" 200 169 "http://localhost:4200/profile/rlE7n0uK" "Mozilla/5.0 (Linux; Android 6.0; Nexus 5 Build/MRA58N) AppleWebKit/537.36 (KHTML, like Gecko) Chrome/78.0.3904.70 Mobile Safari/537.36"
::1 - - [02/Nov/2019:15:03:45 +0000] "GET /api/members/rlE7n0uK HTTP/1.1" 200 169 "http://localhost:4200/profile/rlE7n0uK" "Mozilla/5.0 (Linux; Android 6.0; Nexus 5 Build/MRA58N) AppleWebKit/537.36 (KHTML, like Gecko) Chrome/78.0.3904.70 Mobile Safari/537.36"
::1 - - [02/Nov/2019:15:03:55 +0000] "GET /api/members/rlE7n0uK HTTP/1.1" 200 169 "http://localhost:4200/profile/rlE7n0uK" "Mozilla/5.0 (Linux; Android 6.0; Nexus 5 Build/MRA58N) AppleWebKit/537.36 (KHTML, like Gecko) Chrome/78.0.3904.70 Mobile Safari/537.36"
::1 - - [02/Nov/2019:15:03:55 +0000] "GET /api/members/rlE7n0uK HTTP/1.1" 200 169 "http://localhost:4200/profile/rlE7n0uK" "Mozilla/5.0 (Linux; Android 6.0; Nexus 5 Build/MRA58N) AppleWebKit/537.36 (KHTML, like Gecko) Chrome/78.0.3904.70 Mobile Safari/537.36"
::1 - - [02/Nov/2019:15:04:21 +0000] "GET /api/members/rlE7n0uK HTTP/1.1" 200 169 "http://localhost:4200/profile/rlE7n0uK" "Mozilla/5.0 (Linux; Android 6.0; Nexus 5 Build/MRA58N) AppleWebKit/537.36 (KHTML, like Gecko) Chrome/78.0.3904.70 Mobile Safari/537.36"
::1 - - [02/Nov/2019:15:04:21 +0000] "GET /api/members/rlE7n0uK HTTP/1.1" 200 169 "http://localhost:4200/profile/rlE7n0uK" "Mozilla/5.0 (Linux; Android 6.0; Nexus 5 Build/MRA58N) AppleWebKit/537.36 (KHTML, like Gecko) Chrome/78.0.3904.70 Mobile Safari/537.36"
::1 - - [02/Nov/2019:15:04:39 +0000] "GET /api/members/rlE7n0uK HTTP/1.1" 200 169 "http://localhost:4200/profile/rlE7n0uK" "Mozilla/5.0 (Linux; Android 6.0; Nexus 5 Build/MRA58N) AppleWebKit/537.36 (KHTML, like Gecko) Chrome/78.0.3904.70 Mobile Safari/537.36"
::1 - - [02/Nov/2019:15:04:39 +0000] "GET /api/members/rlE7n0uK HTTP/1.1" 200 169 "http://localhost:4200/profile/rlE7n0uK" "Mozilla/5.0 (Linux; Android 6.0; Nexus 5 Build/MRA58N) AppleWebKit/537.36 (KHTML, like Gecko) Chrome/78.0.3904.70 Mobile Safari/537.36"
::1 - - [02/Nov/2019:15:05:17 +0000] "GET /api/members/rlE7n0uK HTTP/1.1" 200 169 "http://localhost:4200/profile/rlE7n0uK" "Mozilla/5.0 (Linux; Android 6.0; Nexus 5 Build/MRA58N) AppleWebKit/537.36 (KHTML, like Gecko) Chrome/78.0.3904.70 Mobile Safari/537.36"
::1 - - [02/Nov/2019:15:05:17 +0000] "GET /api/members/rlE7n0uK HTTP/1.1" 200 169 "http://localhost:4200/profile/rlE7n0uK" "Mozilla/5.0 (Linux; Android 6.0; Nexus 5 Build/MRA58N) AppleWebKit/537.36 (KHTML, like Gecko) Chrome/78.0.3904.70 Mobile Safari/537.36"
::1 - - [02/Nov/2019:15:05:19 +0000] "GET /api/members/rlE7n0uK HTTP/1.1" 200 169 "http://localhost:4200/profile/rlE7n0uK" "Mozilla/5.0 (Linux; Android 6.0; Nexus 5 Build/MRA58N) AppleWebKit/537.36 (KHTML, like Gecko) Chrome/78.0.3904.70 Mobile Safari/537.36"
::1 - - [02/Nov/2019:15:05:20 +0000] "GET /api/members/rlE7n0uK HTTP/1.1" 200 169 "http://localhost:4200/profile/rlE7n0uK" "Mozilla/5.0 (Linux; Android 6.0; Nexus 5 Build/MRA58N) AppleWebKit/537.36 (KHTML, like Gecko) Chrome/78.0.3904.70 Mobile Safari/537.36"
::1 - - [02/Nov/2019:15:05:23 +0000] "GET /api/members/rlE7n0uK HTTP/1.1" 200 169 "http://localhost:4200/profile/rlE7n0uK" "Mozilla/5.0 (Linux; Android 6.0; Nexus 5 Build/MRA58N) AppleWebKit/537.36 (KHTML, like Gecko) Chrome/78.0.3904.70 Mobile Safari/537.36"
::1 - - [02/Nov/2019:15:05:23 +0000] "GET /api/members/rlE7n0uK HTTP/1.1" 200 169 "http://localhost:4200/profile/rlE7n0uK" "Mozilla/5.0 (Linux; Android 6.0; Nexus 5 Build/MRA58N) AppleWebKit/537.36 (KHTML, like Gecko) Chrome/78.0.3904.70 Mobile Safari/537.36"
::1 - - [02/Nov/2019:15:05:26 +0000] "GET /api/members/rlE7n0uK HTTP/1.1" 200 169 "http://localhost:4200/profile/rlE7n0uK" "Mozilla/5.0 (Linux; Android 6.0; Nexus 5 Build/MRA58N) AppleWebKit/537.36 (KHTML, like Gecko) Chrome/78.0.3904.70 Mobile Safari/537.36"
::1 - - [02/Nov/2019:15:05:26 +0000] "GET /api/members/rlE7n0uK HTTP/1.1" 200 169 "http://localhost:4200/profile/rlE7n0uK" "Mozilla/5.0 (Linux; Android 6.0; Nexus 5 Build/MRA58N) AppleWebKit/537.36 (KHTML, like Gecko) Chrome/78.0.3904.70 Mobile Safari/537.36"
::1 - - [02/Nov/2019:15:05:52 +0000] "GET /api/members/rlE7n0uK HTTP/1.1" 200 169 "http://localhost:4200/profile/rlE7n0uK" "Mozilla/5.0 (Linux; Android 6.0; Nexus 5 Build/MRA58N) AppleWebKit/537.36 (KHTML, like Gecko) Chrome/78.0.3904.70 Mobile Safari/537.36"
::1 - - [02/Nov/2019:15:05:52 +0000] "GET /api/members/rlE7n0uK HTTP/1.1" 200 169 "http://localhost:4200/profile/rlE7n0uK" "Mozilla/5.0 (Linux; Android 6.0; Nexus 5 Build/MRA58N) AppleWebKit/537.36 (KHTML, like Gecko) Chrome/78.0.3904.70 Mobile Safari/537.36"
::1 - - [02/Nov/2019:15:05:54 +0000] "GET /api/members/rlE7n0uK HTTP/1.1" 200 169 "http://localhost:4200/profile/rlE7n0uK" "Mozilla/5.0 (Linux; Android 6.0; Nexus 5 Build/MRA58N) AppleWebKit/537.36 (KHTML, like Gecko) Chrome/78.0.3904.70 Mobile Safari/537.36"
::1 - - [02/Nov/2019:15:05:54 +0000] "GET /api/members/rlE7n0uK HTTP/1.1" 200 169 "http://localhost:4200/profile/rlE7n0uK" "Mozilla/5.0 (Linux; Android 6.0; Nexus 5 Build/MRA58N) AppleWebKit/537.36 (KHTML, like Gecko) Chrome/78.0.3904.70 Mobile Safari/537.36"
::1 - - [02/Nov/2019:15:05:58 +0000] "GET /api/members/rlE7n0uK HTTP/1.1" 200 169 "http://localhost:4200/profile/rlE7n0uK" "Mozilla/5.0 (Linux; Android 6.0; Nexus 5 Build/MRA58N) AppleWebKit/537.36 (KHTML, like Gecko) Chrome/78.0.3904.70 Mobile Safari/537.36"
::1 - - [02/Nov/2019:15:05:58 +0000] "GET /api/members/rlE7n0uK HTTP/1.1" 200 169 "http://localhost:4200/profile/rlE7n0uK" "Mozilla/5.0 (Linux; Android 6.0; Nexus 5 Build/MRA58N) AppleWebKit/537.36 (KHTML, like Gecko) Chrome/78.0.3904.70 Mobile Safari/537.36"
::1 - - [02/Nov/2019:15:06:12 +0000] "GET /api/members/rlE7n0uK HTTP/1.1" 200 169 "http://localhost:4200/profile/rlE7n0uK" "Mozilla/5.0 (Linux; Android 6.0; Nexus 5 Build/MRA58N) AppleWebKit/537.36 (KHTML, like Gecko) Chrome/78.0.3904.70 Mobile Safari/537.36"
::1 - - [02/Nov/2019:15:06:12 +0000] "GET /api/members/rlE7n0uK HTTP/1.1" 200 169 "http://localhost:4200/profile/rlE7n0uK" "Mozilla/5.0 (Linux; Android 6.0; Nexus 5 Build/MRA58N) AppleWebKit/537.36 (KHTML, like Gecko) Chrome/78.0.3904.70 Mobile Safari/537.36"
::1 - - [02/Nov/2019:15:06:17 +0000] "GET /api/members/rlE7n0uK HTTP/1.1" 200 169 "http://localhost:4200/profile/rlE7n0uK" "Mozilla/5.0 (Linux; Android 6.0; Nexus 5 Build/MRA58N) AppleWebKit/537.36 (KHTML, like Gecko) Chrome/78.0.3904.70 Mobile Safari/537.36"
::1 - - [02/Nov/2019:15:06:17 +0000] "GET /api/members/rlE7n0uK HTTP/1.1" 200 169 "http://localhost:4200/profile/rlE7n0uK" "Mozilla/5.0 (Linux; Android 6.0; Nexus 5 Build/MRA58N) AppleWebKit/537.36 (KHTML, like Gecko) Chrome/78.0.3904.70 Mobile Safari/537.36"
::1 - - [02/Nov/2019:15:06:32 +0000] "GET /api/members/rlE7n0uK HTTP/1.1" 200 169 "http://localhost:4200/profile/rlE7n0uK" "Mozilla/5.0 (Linux; Android 6.0; Nexus 5 Build/MRA58N) AppleWebKit/537.36 (KHTML, like Gecko) Chrome/78.0.3904.70 Mobile Safari/537.36"
::1 - - [02/Nov/2019:15:06:32 +0000] "GET /api/members/rlE7n0uK HTTP/1.1" 200 169 "http://localhost:4200/profile/rlE7n0uK" "Mozilla/5.0 (Linux; Android 6.0; Nexus 5 Build/MRA58N) AppleWebKit/537.36 (KHTML, like Gecko) Chrome/78.0.3904.70 Mobile Safari/537.36"
::1 - - [02/Nov/2019:15:06:36 +0000] "GET /api/members/rlE7n0uK HTTP/1.1" 200 169 "http://localhost:4200/profile/rlE7n0uK" "Mozilla/5.0 (Linux; Android 6.0; Nexus 5 Build/MRA58N) AppleWebKit/537.36 (KHTML, like Gecko) Chrome/78.0.3904.70 Mobile Safari/537.36"
::1 - - [02/Nov/2019:15:06:36 +0000] "GET /api/members/rlE7n0uK HTTP/1.1" 200 169 "http://localhost:4200/profile/rlE7n0uK" "Mozilla/5.0 (Linux; Android 6.0; Nexus 5 Build/MRA58N) AppleWebKit/537.36 (KHTML, like Gecko) Chrome/78.0.3904.70 Mobile Safari/537.36"
::1 - - [02/Nov/2019:15:06:57 +0000] "GET /api/members/rlE7n0uK HTTP/1.1" 200 169 "http://localhost:4200/profile/rlE7n0uK" "Mozilla/5.0 (iPhone; OS 5_0 like Mac OS X) AppleWebKit/534.46 (KHTML, like Gecko) Version/5.1 Mobile/9A334 Safari/7534.48.3"
::1 - - [02/Nov/2019:15:06:57 +0000] "GET /api/members/rlE7n0uK HTTP/1.1" 200 169 "http://localhost:4200/profile/rlE7n0uK" "Mozilla/5.0 (iPhone; OS 5_0 like Mac OS X) AppleWebKit/534.46 (KHTML, like Gecko) Version/5.1 Mobile/9A334 Safari/7534.48.3"
::1 - - [02/Nov/2019:15:07:39 +0000] "GET /api/members/rlE7n0uK HTTP/1.1" 200 169 "http://localhost:4200/profile/rlE7n0uK" "Mozilla/5.0 (iPhone; OS 5_0 like Mac OS X) AppleWebKit/534.46 (KHTML, like Gecko) Version/5.1 Mobile/9A334 Safari/7534.48.3"
::1 - - [02/Nov/2019:15:07:39 +0000] "GET /api/members/rlE7n0uK HTTP/1.1" 200 169 "http://localhost:4200/profile/rlE7n0uK" "Mozilla/5.0 (iPhone; OS 5_0 like Mac OS X) AppleWebKit/534.46 (KHTML, like Gecko) Version/5.1 Mobile/9A334 Safari/7534.48.3"
::1 - - [02/Nov/2019:15:07:49 +0000] "GET /api/members/rlE7n0uK HTTP/1.1" 200 169 "http://localhost:4200/profile/rlE7n0uK" "Mozilla/5.0 (iPhone; OS 5_0 like Mac OS X) AppleWebKit/534.46 (KHTML, like Gecko) Version/5.1 Mobile/9A334 Safari/7534.48.3"
::1 - - [02/Nov/2019:15:07:49 +0000] "GET /api/members/rlE7n0uK HTTP/1.1" 200 169 "http://localhost:4200/profile/rlE7n0uK" "Mozilla/5.0 (iPhone; OS 5_0 like Mac OS X) AppleWebKit/534.46 (KHTML, like Gecko) Version/5.1 Mobile/9A334 Safari/7534.48.3"
::1 - - [02/Nov/2019:15:08:02 +0000] "GET /api/members/rlE7n0uK HTTP/1.1" 200 169 "http://localhost:4200/profile/rlE7n0uK" "Mozilla/5.0 (Linux; Android 6.0; Nexus 5 Build/MRA58N) AppleWebKit/537.36 (KHTML, like Gecko) Chrome/78.0.3904.70 Mobile Safari/537.36"
::1 - - [02/Nov/2019:15:08:03 +0000] "GET /api/members/rlE7n0uK HTTP/1.1" 200 169 "http://localhost:4200/profile/rlE7n0uK" "Mozilla/5.0 (Linux; Android 6.0; Nexus 5 Build/MRA58N) AppleWebKit/537.36 (KHTML, like Gecko) Chrome/78.0.3904.70 Mobile Safari/537.36"
::1 - - [02/Nov/2019:15:08:26 +0000] "GET /api/members/rlE7n0uK HTTP/1.1" 200 169 "http://localhost:4200/profile/rlE7n0uK" "Mozilla/5.0 (iPhone; OS 5_0 like Mac OS X) AppleWebKit/534.46 (KHTML, like Gecko) Version/5.1 Mobile/9A334 Safari/7534.48.3"
::1 - - [02/Nov/2019:15:08:26 +0000] "GET /api/members/rlE7n0uK HTTP/1.1" 200 169 "http://localhost:4200/profile/rlE7n0uK" "Mozilla/5.0 (iPhone; OS 5_0 like Mac OS X) AppleWebKit/534.46 (KHTML, like Gecko) Version/5.1 Mobile/9A334 Safari/7534.48.3"
::1 - - [02/Nov/2019:15:08:36 +0000] "GET /api/members/rlE7n0uK HTTP/1.1" 200 169 "http://localhost:4200/profile/rlE7n0uK" "Mozilla/5.0 (Linux; Android 6.0; Nexus 5 Build/MRA58N) AppleWebKit/537.36 (KHTML, like Gecko) Chrome/78.0.3904.70 Mobile Safari/537.36"
::1 - - [02/Nov/2019:15:08:36 +0000] "GET /api/members/rlE7n0uK HTTP/1.1" 200 169 "http://localhost:4200/profile/rlE7n0uK" "Mozilla/5.0 (Linux; Android 6.0; Nexus 5 Build/MRA58N) AppleWebKit/537.36 (KHTML, like Gecko) Chrome/78.0.3904.70 Mobile Safari/537.36"
::1 - - [02/Nov/2019:15:08:38 +0000] "GET /api/members/rlE7n0uK HTTP/1.1" 200 169 "http://localhost:4200/profile/rlE7n0uK" "Mozilla/5.0 (Linux; Android 6.0; Nexus 5 Build/MRA58N) AppleWebKit/537.36 (KHTML, like Gecko) Chrome/78.0.3904.70 Mobile Safari/537.36"
::1 - - [02/Nov/2019:15:08:38 +0000] "GET /api/members/rlE7n0uK HTTP/1.1" 200 169 "http://localhost:4200/profile/rlE7n0uK" "Mozilla/5.0 (Linux; Android 6.0; Nexus 5 Build/MRA58N) AppleWebKit/537.36 (KHTML, like Gecko) Chrome/78.0.3904.70 Mobile Safari/537.36"
::1 - - [02/Nov/2019:15:08:49 +0000] "GET /api/members/rlE7n0uK HTTP/1.1" 200 169 "http://localhost:4200/profile/rlE7n0uK" "Mozilla/5.0 (Linux; Android 6.0; Nexus 5 Build/MRA58N) AppleWebKit/537.36 (KHTML, like Gecko) Chrome/78.0.3904.70 Mobile Safari/537.36"
::1 - - [02/Nov/2019:15:08:50 +0000] "GET /api/members/rlE7n0uK HTTP/1.1" 200 169 "http://localhost:4200/profile/rlE7n0uK" "Mozilla/5.0 (Linux; Android 6.0; Nexus 5 Build/MRA58N) AppleWebKit/537.36 (KHTML, like Gecko) Chrome/78.0.3904.70 Mobile Safari/537.36"
::1 - - [02/Nov/2019:15:08:52 +0000] "GET /api/members/rlE7n0uK HTTP/1.1" 200 169 "http://localhost:4200/profile/rlE7n0uK" "Mozilla/5.0 (Linux; Android 6.0; Nexus 5 Build/MRA58N) AppleWebKit/537.36 (KHTML, like Gecko) Chrome/78.0.3904.70 Mobile Safari/537.36"
::1 - - [02/Nov/2019:15:08:52 +0000] "GET /api/members/rlE7n0uK HTTP/1.1" 200 169 "http://localhost:4200/profile/rlE7n0uK" "Mozilla/5.0 (Linux; Android 6.0; Nexus 5 Build/MRA58N) AppleWebKit/537.36 (KHTML, like Gecko) Chrome/78.0.3904.70 Mobile Safari/537.36"
::1 - - [02/Nov/2019:15:08:58 +0000] "GET /api/members/rlE7n0uK HTTP/1.1" 200 169 "http://localhost:4200/profile/rlE7n0uK" "Mozilla/5.0 (Linux; Android 6.0; Nexus 5 Build/MRA58N) AppleWebKit/537.36 (KHTML, like Gecko) Chrome/78.0.3904.70 Mobile Safari/537.36"
::1 - - [02/Nov/2019:15:08:58 +0000] "GET /api/members/rlE7n0uK HTTP/1.1" 200 169 "http://localhost:4200/profile/rlE7n0uK" "Mozilla/5.0 (Linux; Android 6.0; Nexus 5 Build/MRA58N) AppleWebKit/537.36 (KHTML, like Gecko) Chrome/78.0.3904.70 Mobile Safari/537.36"
::1 - - [02/Nov/2019:15:09:01 +0000] "GET /api/members/rlE7n0uK HTTP/1.1" 200 169 "http://localhost:4200/profile/rlE7n0uK" "Mozilla/5.0 (Linux; Android 6.0; Nexus 5 Build/MRA58N) AppleWebKit/537.36 (KHTML, like Gecko) Chrome/78.0.3904.70 Mobile Safari/537.36"
::1 - - [02/Nov/2019:15:09:01 +0000] "GET /api/members/rlE7n0uK HTTP/1.1" 200 169 "http://localhost:4200/profile/rlE7n0uK" "Mozilla/5.0 (Linux; Android 6.0; Nexus 5 Build/MRA58N) AppleWebKit/537.36 (KHTML, like Gecko) Chrome/78.0.3904.70 Mobile Safari/537.36"
::1 - - [02/Nov/2019:15:09:05 +0000] "GET /api/members/rlE7n0uK HTTP/1.1" 200 169 "http://localhost:4200/profile/rlE7n0uK" "Mozilla/5.0 (Linux; Android 6.0; Nexus 5 Build/MRA58N) AppleWebKit/537.36 (KHTML, like Gecko) Chrome/78.0.3904.70 Mobile Safari/537.36"
::1 - - [02/Nov/2019:15:09:05 +0000] "GET /api/members/rlE7n0uK HTTP/1.1" 200 169 "http://localhost:4200/profile/rlE7n0uK" "Mozilla/5.0 (Linux; Android 6.0; Nexus 5 Build/MRA58N) AppleWebKit/537.36 (KHTML, like Gecko) Chrome/78.0.3904.70 Mobile Safari/537.36"
::1 - - [02/Nov/2019:15:09:07 +0000] "GET /api/members/rlE7n0uK HTTP/1.1" 200 169 "http://localhost:4200/profile/rlE7n0uK" "Mozilla/5.0 (Linux; Android 6.0; Nexus 5 Build/MRA58N) AppleWebKit/537.36 (KHTML, like Gecko) Chrome/78.0.3904.70 Mobile Safari/537.36"
::1 - - [02/Nov/2019:15:09:07 +0000] "GET /api/members/rlE7n0uK HTTP/1.1" 200 169 "http://localhost:4200/profile/rlE7n0uK" "Mozilla/5.0 (Linux; Android 6.0; Nexus 5 Build/MRA58N) AppleWebKit/537.36 (KHTML, like Gecko) Chrome/78.0.3904.70 Mobile Safari/537.36"
::1 - - [02/Nov/2019:15:09:48 +0000] "GET /api/members/rlE7n0uK HTTP/1.1" 200 169 "http://localhost:4200/profile/rlE7n0uK" "Mozilla/5.0 (Linux; Android 6.0; Nexus 5 Build/MRA58N) AppleWebKit/537.36 (KHTML, like Gecko) Chrome/78.0.3904.70 Mobile Safari/537.36"
::1 - - [02/Nov/2019:15:09:48 +0000] "GET /api/members/rlE7n0uK HTTP/1.1" 200 169 "http://localhost:4200/profile/rlE7n0uK" "Mozilla/5.0 (Linux; Android 6.0; Nexus 5 Build/MRA58N) AppleWebKit/537.36 (KHTML, like Gecko) Chrome/78.0.3904.70 Mobile Safari/537.36"
::1 - - [02/Nov/2019:15:10:09 +0000] "GET /api/members/rlE7n0uK HTTP/1.1" 200 169 "http://localhost:4200/profile/rlE7n0uK" "Mozilla/5.0 (Linux; Android 6.0; Nexus 5 Build/MRA58N) AppleWebKit/537.36 (KHTML, like Gecko) Chrome/78.0.3904.70 Mobile Safari/537.36"
::1 - - [02/Nov/2019:15:10:09 +0000] "GET /api/members/rlE7n0uK HTTP/1.1" 200 169 "http://localhost:4200/profile/rlE7n0uK" "Mozilla/5.0 (Linux; Android 6.0; Nexus 5 Build/MRA58N) AppleWebKit/537.36 (KHTML, like Gecko) Chrome/78.0.3904.70 Mobile Safari/537.36"
::1 - - [02/Nov/2019:15:10:12 +0000] "GET /api/members/rlE7n0uK HTTP/1.1" 200 169 "http://localhost:4200/profile/rlE7n0uK" "Mozilla/5.0 (Linux; Android 6.0; Nexus 5 Build/MRA58N) AppleWebKit/537.36 (KHTML, like Gecko) Chrome/78.0.3904.70 Mobile Safari/537.36"
::1 - - [02/Nov/2019:15:10:12 +0000] "GET /api/members/rlE7n0uK HTTP/1.1" 200 169 "http://localhost:4200/profile/rlE7n0uK" "Mozilla/5.0 (Linux; Android 6.0; Nexus 5 Build/MRA58N) AppleWebKit/537.36 (KHTML, like Gecko) Chrome/78.0.3904.70 Mobile Safari/537.36"
::1 - - [02/Nov/2019:15:10:17 +0000] "GET /api/members/rlE7n0uK HTTP/1.1" 200 169 "http://localhost:4200/profile/rlE7n0uK" "Mozilla/5.0 (Linux; Android 6.0; Nexus 5 Build/MRA58N) AppleWebKit/537.36 (KHTML, like Gecko) Chrome/78.0.3904.70 Mobile Safari/537.36"
::1 - - [02/Nov/2019:15:10:17 +0000] "GET /api/members/rlE7n0uK HTTP/1.1" 200 169 "http://localhost:4200/profile/rlE7n0uK" "Mozilla/5.0 (Linux; Android 6.0; Nexus 5 Build/MRA58N) AppleWebKit/537.36 (KHTML, like Gecko) Chrome/78.0.3904.70 Mobile Safari/537.36"
::1 - - [02/Nov/2019:15:10:22 +0000] "GET /api/members/rlE7n0uK HTTP/1.1" 200 169 "http://localhost:4200/profile/rlE7n0uK" "Mozilla/5.0 (Linux; Android 6.0; Nexus 5 Build/MRA58N) AppleWebKit/537.36 (KHTML, like Gecko) Chrome/78.0.3904.70 Mobile Safari/537.36"
::1 - - [02/Nov/2019:15:10:22 +0000] "GET /api/members/rlE7n0uK HTTP/1.1" 200 169 "http://localhost:4200/profile/rlE7n0uK" "Mozilla/5.0 (Linux; Android 6.0; Nexus 5 Build/MRA58N) AppleWebKit/537.36 (KHTML, like Gecko) Chrome/78.0.3904.70 Mobile Safari/537.36"
::1 - - [02/Nov/2019:15:10:25 +0000] "GET /api/members/rlE7n0uK HTTP/1.1" 200 169 "http://localhost:4200/profile/rlE7n0uK" "Mozilla/5.0 (Linux; Android 6.0; Nexus 5 Build/MRA58N) AppleWebKit/537.36 (KHTML, like Gecko) Chrome/78.0.3904.70 Mobile Safari/537.36"
::1 - - [02/Nov/2019:15:10:26 +0000] "GET /api/members/rlE7n0uK HTTP/1.1" 200 169 "http://localhost:4200/profile/rlE7n0uK" "Mozilla/5.0 (Linux; Android 6.0; Nexus 5 Build/MRA58N) AppleWebKit/537.36 (KHTML, like Gecko) Chrome/78.0.3904.70 Mobile Safari/537.36"
::1 - - [02/Nov/2019:15:10:29 +0000] "GET /api/members/rlE7n0uK HTTP/1.1" 200 169 "http://localhost:4200/profile/rlE7n0uK" "Mozilla/5.0 (Linux; Android 6.0; Nexus 5 Build/MRA58N) AppleWebKit/537.36 (KHTML, like Gecko) Chrome/78.0.3904.70 Mobile Safari/537.36"
::1 - - [02/Nov/2019:15:10:30 +0000] "GET /api/members/rlE7n0uK HTTP/1.1" 200 169 "http://localhost:4200/profile/rlE7n0uK" "Mozilla/5.0 (Linux; Android 6.0; Nexus 5 Build/MRA58N) AppleWebKit/537.36 (KHTML, like Gecko) Chrome/78.0.3904.70 Mobile Safari/537.36"
::1 - - [02/Nov/2019:15:10:36 +0000] "GET /api/members/rlE7n0uK HTTP/1.1" 200 169 "http://localhost:4200/profile/rlE7n0uK" "Mozilla/5.0 (Linux; Android 6.0; Nexus 5 Build/MRA58N) AppleWebKit/537.36 (KHTML, like Gecko) Chrome/78.0.3904.70 Mobile Safari/537.36"
::1 - - [02/Nov/2019:15:10:36 +0000] "GET /api/members/rlE7n0uK HTTP/1.1" 200 169 "http://localhost:4200/profile/rlE7n0uK" "Mozilla/5.0 (Linux; Android 6.0; Nexus 5 Build/MRA58N) AppleWebKit/537.36 (KHTML, like Gecko) Chrome/78.0.3904.70 Mobile Safari/537.36"
::1 - - [02/Nov/2019:15:10:52 +0000] "GET /api/members/rlE7n0uK HTTP/1.1" 200 169 "http://localhost:4200/profile/rlE7n0uK" "Mozilla/5.0 (Linux; Android 6.0; Nexus 5 Build/MRA58N) AppleWebKit/537.36 (KHTML, like Gecko) Chrome/78.0.3904.70 Mobile Safari/537.36"
::1 - - [02/Nov/2019:15:10:52 +0000] "GET /api/members/rlE7n0uK HTTP/1.1" 200 169 "http://localhost:4200/profile/rlE7n0uK" "Mozilla/5.0 (Linux; Android 6.0; Nexus 5 Build/MRA58N) AppleWebKit/537.36 (KHTML, like Gecko) Chrome/78.0.3904.70 Mobile Safari/537.36"
::1 - - [02/Nov/2019:15:11:48 +0000] "GET /api/members/rlE7n0uK HTTP/1.1" 200 169 "http://localhost:4200/profile/rlE7n0uK" "Mozilla/5.0 (Linux; Android 6.0; Nexus 5 Build/MRA58N) AppleWebKit/537.36 (KHTML, like Gecko) Chrome/78.0.3904.70 Mobile Safari/537.36"
::1 - - [02/Nov/2019:15:11:48 +0000] "GET /api/members/rlE7n0uK HTTP/1.1" 200 169 "http://localhost:4200/profile/rlE7n0uK" "Mozilla/5.0 (Linux; Android 6.0; Nexus 5 Build/MRA58N) AppleWebKit/537.36 (KHTML, like Gecko) Chrome/78.0.3904.70 Mobile Safari/537.36"
::1 - - [02/Nov/2019:15:12:36 +0000] "GET /api/members/rlE7n0uK HTTP/1.1" 200 169 "http://localhost:4200/profile/rlE7n0uK" "Mozilla/5.0 (Linux; Android 6.0; Nexus 5 Build/MRA58N) AppleWebKit/537.36 (KHTML, like Gecko) Chrome/78.0.3904.70 Mobile Safari/537.36"
::1 - - [02/Nov/2019:15:12:36 +0000] "GET /api/members/rlE7n0uK HTTP/1.1" 200 169 "http://localhost:4200/profile/rlE7n0uK" "Mozilla/5.0 (Linux; Android 6.0; Nexus 5 Build/MRA58N) AppleWebKit/537.36 (KHTML, like Gecko) Chrome/78.0.3904.70 Mobile Safari/537.36"
::1 - - [02/Nov/2019:15:12:40 +0000] "GET /api/members/rlE7n0uK HTTP/1.1" 200 169 "http://localhost:4200/profile/rlE7n0uK" "Mozilla/5.0 (Linux; Android 6.0; Nexus 5 Build/MRA58N) AppleWebKit/537.36 (KHTML, like Gecko) Chrome/78.0.3904.70 Mobile Safari/537.36"
::1 - - [02/Nov/2019:15:12:40 +0000] "GET /api/members/rlE7n0uK HTTP/1.1" 200 169 "http://localhost:4200/profile/rlE7n0uK" "Mozilla/5.0 (Linux; Android 6.0; Nexus 5 Build/MRA58N) AppleWebKit/537.36 (KHTML, like Gecko) Chrome/78.0.3904.70 Mobile Safari/537.36"
::1 - - [02/Nov/2019:15:12:52 +0000] "GET /api/members/rlE7n0uK HTTP/1.1" 200 169 "http://localhost:4200/profile/rlE7n0uK" "Mozilla/5.0 (Linux; Android 6.0; Nexus 5 Build/MRA58N) AppleWebKit/537.36 (KHTML, like Gecko) Chrome/78.0.3904.70 Mobile Safari/537.36"
::1 - - [02/Nov/2019:15:12:52 +0000] "GET /api/members/rlE7n0uK HTTP/1.1" 200 169 "http://localhost:4200/profile/rlE7n0uK" "Mozilla/5.0 (Linux; Android 6.0; Nexus 5 Build/MRA58N) AppleWebKit/537.36 (KHTML, like Gecko) Chrome/78.0.3904.70 Mobile Safari/537.36"
::1 - - [02/Nov/2019:15:12:54 +0000] "GET /api/members/rlE7n0uK HTTP/1.1" 200 169 "http://localhost:4200/profile/rlE7n0uK" "Mozilla/5.0 (Linux; Android 6.0; Nexus 5 Build/MRA58N) AppleWebKit/537.36 (KHTML, like Gecko) Chrome/78.0.3904.70 Mobile Safari/537.36"
::1 - - [02/Nov/2019:15:12:54 +0000] "GET /api/members/rlE7n0uK HTTP/1.1" 200 169 "http://localhost:4200/profile/rlE7n0uK" "Mozilla/5.0 (Linux; Android 6.0; Nexus 5 Build/MRA58N) AppleWebKit/537.36 (KHTML, like Gecko) Chrome/78.0.3904.70 Mobile Safari/537.36"
::1 - - [02/Nov/2019:15:12:58 +0000] "GET /api/members/rlE7n0uK HTTP/1.1" 200 169 "http://localhost:4200/profile/rlE7n0uK" "Mozilla/5.0 (Linux; Android 6.0; Nexus 5 Build/MRA58N) AppleWebKit/537.36 (KHTML, like Gecko) Chrome/78.0.3904.70 Mobile Safari/537.36"
::1 - - [02/Nov/2019:15:12:58 +0000] "GET /api/members/rlE7n0uK HTTP/1.1" 200 169 "http://localhost:4200/profile/rlE7n0uK" "Mozilla/5.0 (Linux; Android 6.0; Nexus 5 Build/MRA58N) AppleWebKit/537.36 (KHTML, like Gecko) Chrome/78.0.3904.70 Mobile Safari/537.36"
::1 - - [02/Nov/2019:15:13:05 +0000] "GET /api/members/rlE7n0uK HTTP/1.1" 200 169 "http://localhost:4200/profile/rlE7n0uK" "Mozilla/5.0 (Linux; Android 6.0; Nexus 5 Build/MRA58N) AppleWebKit/537.36 (KHTML, like Gecko) Chrome/78.0.3904.70 Mobile Safari/537.36"
::1 - - [02/Nov/2019:15:13:05 +0000] "GET /api/members/rlE7n0uK HTTP/1.1" 200 169 "http://localhost:4200/profile/rlE7n0uK" "Mozilla/5.0 (Linux; Android 6.0; Nexus 5 Build/MRA58N) AppleWebKit/537.36 (KHTML, like Gecko) Chrome/78.0.3904.70 Mobile Safari/537.36"
::1 - - [02/Nov/2019:15:13:07 +0000] "GET /api/members/rlE7n0uK HTTP/1.1" 200 169 "http://localhost:4200/profile/rlE7n0uK" "Mozilla/5.0 (Linux; Android 6.0; Nexus 5 Build/MRA58N) AppleWebKit/537.36 (KHTML, like Gecko) Chrome/78.0.3904.70 Mobile Safari/537.36"
::1 - - [02/Nov/2019:15:13:07 +0000] "GET /api/members/rlE7n0uK HTTP/1.1" 200 169 "http://localhost:4200/profile/rlE7n0uK" "Mozilla/5.0 (Linux; Android 6.0; Nexus 5 Build/MRA58N) AppleWebKit/537.36 (KHTML, like Gecko) Chrome/78.0.3904.70 Mobile Safari/537.36"
::1 - - [02/Nov/2019:15:13:10 +0000] "GET /api/members/rlE7n0uK HTTP/1.1" 200 169 "http://localhost:4200/profile/rlE7n0uK" "Mozilla/5.0 (Linux; Android 6.0; Nexus 5 Build/MRA58N) AppleWebKit/537.36 (KHTML, like Gecko) Chrome/78.0.3904.70 Mobile Safari/537.36"
::1 - - [02/Nov/2019:15:13:10 +0000] "GET /api/members/rlE7n0uK HTTP/1.1" 200 169 "http://localhost:4200/profile/rlE7n0uK" "Mozilla/5.0 (Linux; Android 6.0; Nexus 5 Build/MRA58N) AppleWebKit/537.36 (KHTML, like Gecko) Chrome/78.0.3904.70 Mobile Safari/537.36"
::1 - - [02/Nov/2019:15:13:12 +0000] "GET /api/members/rlE7n0uK HTTP/1.1" 200 169 "http://localhost:4200/profile/rlE7n0uK" "Mozilla/5.0 (Linux; Android 6.0; Nexus 5 Build/MRA58N) AppleWebKit/537.36 (KHTML, like Gecko) Chrome/78.0.3904.70 Mobile Safari/537.36"
::1 - - [02/Nov/2019:15:13:12 +0000] "GET /api/members/rlE7n0uK HTTP/1.1" 200 169 "http://localhost:4200/profile/rlE7n0uK" "Mozilla/5.0 (Linux; Android 6.0; Nexus 5 Build/MRA58N) AppleWebKit/537.36 (KHTML, like Gecko) Chrome/78.0.3904.70 Mobile Safari/537.36"
::1 - - [02/Nov/2019:15:13:20 +0000] "GET /api/members/rlE7n0uK HTTP/1.1" 200 169 "http://localhost:4200/profile/rlE7n0uK" "Mozilla/5.0 (Linux; Android 6.0; Nexus 5 Build/MRA58N) AppleWebKit/537.36 (KHTML, like Gecko) Chrome/78.0.3904.70 Mobile Safari/537.36"
::1 - - [02/Nov/2019:15:13:20 +0000] "GET /api/members/rlE7n0uK HTTP/1.1" 200 169 "http://localhost:4200/profile/rlE7n0uK" "Mozilla/5.0 (Linux; Android 6.0; Nexus 5 Build/MRA58N) AppleWebKit/537.36 (KHTML, like Gecko) Chrome/78.0.3904.70 Mobile Safari/537.36"
::1 - - [02/Nov/2019:15:13:22 +0000] "GET /api/members/rlE7n0uK HTTP/1.1" 200 169 "http://localhost:4200/profile/rlE7n0uK" "Mozilla/5.0 (Linux; Android 6.0; Nexus 5 Build/MRA58N) AppleWebKit/537.36 (KHTML, like Gecko) Chrome/78.0.3904.70 Mobile Safari/537.36"
::1 - - [02/Nov/2019:15:13:22 +0000] "GET /api/members/rlE7n0uK HTTP/1.1" 200 169 "http://localhost:4200/profile/rlE7n0uK" "Mozilla/5.0 (Linux; Android 6.0; Nexus 5 Build/MRA58N) AppleWebKit/537.36 (KHTML, like Gecko) Chrome/78.0.3904.70 Mobile Safari/537.36"
::1 - - [02/Nov/2019:15:13:24 +0000] "GET /api/members/rlE7n0uK HTTP/1.1" 200 169 "http://localhost:4200/profile/rlE7n0uK" "Mozilla/5.0 (Linux; Android 6.0; Nexus 5 Build/MRA58N) AppleWebKit/537.36 (KHTML, like Gecko) Chrome/78.0.3904.70 Mobile Safari/537.36"
::1 - - [02/Nov/2019:15:13:24 +0000] "GET /api/members/rlE7n0uK HTTP/1.1" 200 169 "http://localhost:4200/profile/rlE7n0uK" "Mozilla/5.0 (Linux; Android 6.0; Nexus 5 Build/MRA58N) AppleWebKit/537.36 (KHTML, like Gecko) Chrome/78.0.3904.70 Mobile Safari/537.36"
::1 - - [02/Nov/2019:15:13:29 +0000] "GET /api/members/rlE7n0uK HTTP/1.1" 200 169 "http://localhost:4200/profile/rlE7n0uK" "Mozilla/5.0 (Linux; Android 6.0; Nexus 5 Build/MRA58N) AppleWebKit/537.36 (KHTML, like Gecko) Chrome/78.0.3904.70 Mobile Safari/537.36"
::1 - - [02/Nov/2019:15:13:29 +0000] "GET /api/members/rlE7n0uK HTTP/1.1" 200 169 "http://localhost:4200/profile/rlE7n0uK" "Mozilla/5.0 (Linux; Android 6.0; Nexus 5 Build/MRA58N) AppleWebKit/537.36 (KHTML, like Gecko) Chrome/78.0.3904.70 Mobile Safari/537.36"
::1 - - [02/Nov/2019:15:13:31 +0000] "GET /api/members/rlE7n0uK HTTP/1.1" 200 169 "http://localhost:4200/profile/rlE7n0uK" "Mozilla/5.0 (Linux; Android 6.0; Nexus 5 Build/MRA58N) AppleWebKit/537.36 (KHTML, like Gecko) Chrome/78.0.3904.70 Mobile Safari/537.36"
::1 - - [02/Nov/2019:15:13:32 +0000] "GET /api/members/rlE7n0uK HTTP/1.1" 200 169 "http://localhost:4200/profile/rlE7n0uK" "Mozilla/5.0 (Linux; Android 6.0; Nexus 5 Build/MRA58N) AppleWebKit/537.36 (KHTML, like Gecko) Chrome/78.0.3904.70 Mobile Safari/537.36"
::1 - - [02/Nov/2019:15:13:40 +0000] "GET /api/members/rlE7n0uK HTTP/1.1" 200 169 "http://localhost:4200/profile/rlE7n0uK" "Mozilla/5.0 (Linux; Android 6.0; Nexus 5 Build/MRA58N) AppleWebKit/537.36 (KHTML, like Gecko) Chrome/78.0.3904.70 Mobile Safari/537.36"
::1 - - [02/Nov/2019:15:13:40 +0000] "GET /api/members/rlE7n0uK HTTP/1.1" 200 169 "http://localhost:4200/profile/rlE7n0uK" "Mozilla/5.0 (Linux; Android 6.0; Nexus 5 Build/MRA58N) AppleWebKit/537.36 (KHTML, like Gecko) Chrome/78.0.3904.70 Mobile Safari/537.36"
::1 - - [02/Nov/2019:15:13:43 +0000] "GET /api/members/rlE7n0uK HTTP/1.1" 200 169 "http://localhost:4200/profile/rlE7n0uK" "Mozilla/5.0 (Linux; Android 6.0; Nexus 5 Build/MRA58N) AppleWebKit/537.36 (KHTML, like Gecko) Chrome/78.0.3904.70 Mobile Safari/537.36"
::1 - - [02/Nov/2019:15:13:43 +0000] "GET /api/members/rlE7n0uK HTTP/1.1" 200 169 "http://localhost:4200/profile/rlE7n0uK" "Mozilla/5.0 (Linux; Android 6.0; Nexus 5 Build/MRA58N) AppleWebKit/537.36 (KHTML, like Gecko) Chrome/78.0.3904.70 Mobile Safari/537.36"
::1 - - [02/Nov/2019:15:13:48 +0000] "GET /api/members/rlE7n0uK HTTP/1.1" 200 169 "http://localhost:4200/profile/rlE7n0uK" "Mozilla/5.0 (Linux; Android 6.0; Nexus 5 Build/MRA58N) AppleWebKit/537.36 (KHTML, like Gecko) Chrome/78.0.3904.70 Mobile Safari/537.36"
::1 - - [02/Nov/2019:15:13:48 +0000] "GET /api/members/rlE7n0uK HTTP/1.1" 200 169 "http://localhost:4200/profile/rlE7n0uK" "Mozilla/5.0 (Linux; Android 6.0; Nexus 5 Build/MRA58N) AppleWebKit/537.36 (KHTML, like Gecko) Chrome/78.0.3904.70 Mobile Safari/537.36"
::1 - - [02/Nov/2019:15:13:56 +0000] "GET /api/members/rlE7n0uK HTTP/1.1" 200 169 "http://localhost:4200/profile/rlE7n0uK" "Mozilla/5.0 (Linux; Android 6.0; Nexus 5 Build/MRA58N) AppleWebKit/537.36 (KHTML, like Gecko) Chrome/78.0.3904.70 Mobile Safari/537.36"
::1 - - [02/Nov/2019:15:13:56 +0000] "GET /api/members/rlE7n0uK HTTP/1.1" 200 169 "http://localhost:4200/profile/rlE7n0uK" "Mozilla/5.0 (Linux; Android 6.0; Nexus 5 Build/MRA58N) AppleWebKit/537.36 (KHTML, like Gecko) Chrome/78.0.3904.70 Mobile Safari/537.36"
::1 - - [02/Nov/2019:15:13:59 +0000] "GET /api/members/rlE7n0uK HTTP/1.1" 200 169 "http://localhost:4200/profile/rlE7n0uK" "Mozilla/5.0 (Linux; Android 6.0; Nexus 5 Build/MRA58N) AppleWebKit/537.36 (KHTML, like Gecko) Chrome/78.0.3904.70 Mobile Safari/537.36"
::1 - - [02/Nov/2019:15:13:59 +0000] "GET /api/members/rlE7n0uK HTTP/1.1" 200 169 "http://localhost:4200/profile/rlE7n0uK" "Mozilla/5.0 (Linux; Android 6.0; Nexus 5 Build/MRA58N) AppleWebKit/537.36 (KHTML, like Gecko) Chrome/78.0.3904.70 Mobile Safari/537.36"
::1 - - [02/Nov/2019:15:14:36 +0000] "GET /api/members/rlE7n0uK HTTP/1.1" 200 169 "http://localhost:4200/profile/rlE7n0uK" "Mozilla/5.0 (Linux; Android 6.0; Nexus 5 Build/MRA58N) AppleWebKit/537.36 (KHTML, like Gecko) Chrome/78.0.3904.70 Mobile Safari/537.36"
::1 - - [02/Nov/2019:15:14:36 +0000] "GET /api/members/rlE7n0uK HTTP/1.1" 200 169 "http://localhost:4200/profile/rlE7n0uK" "Mozilla/5.0 (Linux; Android 6.0; Nexus 5 Build/MRA58N) AppleWebKit/537.36 (KHTML, like Gecko) Chrome/78.0.3904.70 Mobile Safari/537.36"
::1 - - [02/Nov/2019:15:14:44 +0000] "GET /api/members/rlE7n0uK HTTP/1.1" 200 169 "http://localhost:4200/profile/rlE7n0uK" "Mozilla/5.0 (Linux; Android 6.0; Nexus 5 Build/MRA58N) AppleWebKit/537.36 (KHTML, like Gecko) Chrome/78.0.3904.70 Mobile Safari/537.36"
::1 - - [02/Nov/2019:15:14:44 +0000] "GET /api/members/rlE7n0uK HTTP/1.1" 200 169 "http://localhost:4200/profile/rlE7n0uK" "Mozilla/5.0 (Linux; Android 6.0; Nexus 5 Build/MRA58N) AppleWebKit/537.36 (KHTML, like Gecko) Chrome/78.0.3904.70 Mobile Safari/537.36"
::1 - - [02/Nov/2019:15:14:46 +0000] "GET /api/members/rlE7n0uK HTTP/1.1" 200 169 "http://localhost:4200/profile/rlE7n0uK" "Mozilla/5.0 (Linux; Android 6.0; Nexus 5 Build/MRA58N) AppleWebKit/537.36 (KHTML, like Gecko) Chrome/78.0.3904.70 Mobile Safari/537.36"
::1 - - [02/Nov/2019:15:14:46 +0000] "GET /api/members/rlE7n0uK HTTP/1.1" 200 169 "http://localhost:4200/profile/rlE7n0uK" "Mozilla/5.0 (Linux; Android 6.0; Nexus 5 Build/MRA58N) AppleWebKit/537.36 (KHTML, like Gecko) Chrome/78.0.3904.70 Mobile Safari/537.36"
::1 - - [02/Nov/2019:15:14:54 +0000] "GET /api/members/rlE7n0uK HTTP/1.1" 200 169 "http://localhost:4200/profile/rlE7n0uK" "Mozilla/5.0 (Linux; Android 6.0; Nexus 5 Build/MRA58N) AppleWebKit/537.36 (KHTML, like Gecko) Chrome/78.0.3904.70 Mobile Safari/537.36"
::1 - - [02/Nov/2019:15:14:54 +0000] "GET /api/members/rlE7n0uK HTTP/1.1" 200 169 "http://localhost:4200/profile/rlE7n0uK" "Mozilla/5.0 (Linux; Android 6.0; Nexus 5 Build/MRA58N) AppleWebKit/537.36 (KHTML, like Gecko) Chrome/78.0.3904.70 Mobile Safari/537.36"
::1 - - [02/Nov/2019:15:15:01 +0000] "GET /api/members/rlE7n0uK HTTP/1.1" 200 169 "http://localhost:4200/profile/rlE7n0uK" "Mozilla/5.0 (Linux; Android 6.0; Nexus 5 Build/MRA58N) AppleWebKit/537.36 (KHTML, like Gecko) Chrome/78.0.3904.70 Mobile Safari/537.36"
::1 - - [02/Nov/2019:15:15:01 +0000] "GET /api/members/rlE7n0uK HTTP/1.1" 200 169 "http://localhost:4200/profile/rlE7n0uK" "Mozilla/5.0 (Linux; Android 6.0; Nexus 5 Build/MRA58N) AppleWebKit/537.36 (KHTML, like Gecko) Chrome/78.0.3904.70 Mobile Safari/537.36"
::1 - - [02/Nov/2019:15:15:07 +0000] "GET /api/members/rlE7n0uK HTTP/1.1" 200 169 "http://localhost:4200/profile/rlE7n0uK" "Mozilla/5.0 (Linux; Android 6.0; Nexus 5 Build/MRA58N) AppleWebKit/537.36 (KHTML, like Gecko) Chrome/78.0.3904.70 Mobile Safari/537.36"
::1 - - [02/Nov/2019:15:15:07 +0000] "GET /api/members/rlE7n0uK HTTP/1.1" 200 169 "http://localhost:4200/profile/rlE7n0uK" "Mozilla/5.0 (Linux; Android 6.0; Nexus 5 Build/MRA58N) AppleWebKit/537.36 (KHTML, like Gecko) Chrome/78.0.3904.70 Mobile Safari/537.36"
::1 - - [02/Nov/2019:15:15:10 +0000] "GET /api/members/rlE7n0uK HTTP/1.1" 200 169 "http://localhost:4200/profile/rlE7n0uK" "Mozilla/5.0 (Linux; Android 6.0; Nexus 5 Build/MRA58N) AppleWebKit/537.36 (KHTML, like Gecko) Chrome/78.0.3904.70 Mobile Safari/537.36"
::1 - - [02/Nov/2019:15:15:10 +0000] "GET /api/members/rlE7n0uK HTTP/1.1" 200 169 "http://localhost:4200/profile/rlE7n0uK" "Mozilla/5.0 (Linux; Android 6.0; Nexus 5 Build/MRA58N) AppleWebKit/537.36 (KHTML, like Gecko) Chrome/78.0.3904.70 Mobile Safari/537.36"
::1 - - [02/Nov/2019:15:15:15 +0000] "GET /api/members/rlE7n0uK HTTP/1.1" 200 169 "http://localhost:4200/profile/rlE7n0uK" "Mozilla/5.0 (Linux; Android 6.0; Nexus 5 Build/MRA58N) AppleWebKit/537.36 (KHTML, like Gecko) Chrome/78.0.3904.70 Mobile Safari/537.36"
::1 - - [02/Nov/2019:15:15:15 +0000] "GET /api/members/rlE7n0uK HTTP/1.1" 200 169 "http://localhost:4200/profile/rlE7n0uK" "Mozilla/5.0 (Linux; Android 6.0; Nexus 5 Build/MRA58N) AppleWebKit/537.36 (KHTML, like Gecko) Chrome/78.0.3904.70 Mobile Safari/537.36"
::1 - - [02/Nov/2019:15:15:21 +0000] "GET /api/members/rlE7n0uK HTTP/1.1" 200 169 "http://localhost:4200/profile/rlE7n0uK" "Mozilla/5.0 (Linux; Android 6.0; Nexus 5 Build/MRA58N) AppleWebKit/537.36 (KHTML, like Gecko) Chrome/78.0.3904.70 Mobile Safari/537.36"
::1 - - [02/Nov/2019:15:15:21 +0000] "GET /api/members/rlE7n0uK HTTP/1.1" 200 169 "http://localhost:4200/profile/rlE7n0uK" "Mozilla/5.0 (Linux; Android 6.0; Nexus 5 Build/MRA58N) AppleWebKit/537.36 (KHTML, like Gecko) Chrome/78.0.3904.70 Mobile Safari/537.36"
::1 - - [02/Nov/2019:15:15:24 +0000] "GET /api/members/rlE7n0uK HTTP/1.1" 200 169 "http://localhost:4200/profile/rlE7n0uK" "Mozilla/5.0 (Linux; Android 6.0; Nexus 5 Build/MRA58N) AppleWebKit/537.36 (KHTML, like Gecko) Chrome/78.0.3904.70 Mobile Safari/537.36"
::1 - - [02/Nov/2019:15:15:24 +0000] "GET /api/members/rlE7n0uK HTTP/1.1" 200 169 "http://localhost:4200/profile/rlE7n0uK" "Mozilla/5.0 (Linux; Android 6.0; Nexus 5 Build/MRA58N) AppleWebKit/537.36 (KHTML, like Gecko) Chrome/78.0.3904.70 Mobile Safari/537.36"
::1 - - [02/Nov/2019:15:15:27 +0000] "GET /api/members/rlE7n0uK HTTP/1.1" 200 169 "http://localhost:4200/profile/rlE7n0uK" "Mozilla/5.0 (Linux; Android 6.0; Nexus 5 Build/MRA58N) AppleWebKit/537.36 (KHTML, like Gecko) Chrome/78.0.3904.70 Mobile Safari/537.36"
::1 - - [02/Nov/2019:15:15:27 +0000] "GET /api/members/rlE7n0uK HTTP/1.1" 200 169 "http://localhost:4200/profile/rlE7n0uK" "Mozilla/5.0 (Linux; Android 6.0; Nexus 5 Build/MRA58N) AppleWebKit/537.36 (KHTML, like Gecko) Chrome/78.0.3904.70 Mobile Safari/537.36"
::1 - - [02/Nov/2019:15:15:31 +0000] "GET /api/members/rlE7n0uK HTTP/1.1" 200 169 "http://localhost:4200/profile/rlE7n0uK" "Mozilla/5.0 (Linux; Android 6.0; Nexus 5 Build/MRA58N) AppleWebKit/537.36 (KHTML, like Gecko) Chrome/78.0.3904.70 Mobile Safari/537.36"
::1 - - [02/Nov/2019:15:15:31 +0000] "GET /api/members/rlE7n0uK HTTP/1.1" 200 169 "http://localhost:4200/profile/rlE7n0uK" "Mozilla/5.0 (Linux; Android 6.0; Nexus 5 Build/MRA58N) AppleWebKit/537.36 (KHTML, like Gecko) Chrome/78.0.3904.70 Mobile Safari/537.36"
::1 - - [02/Nov/2019:15:15:35 +0000] "GET /api/members/rlE7n0uK HTTP/1.1" 200 169 "http://localhost:4200/profile/rlE7n0uK" "Mozilla/5.0 (Linux; Android 6.0; Nexus 5 Build/MRA58N) AppleWebKit/537.36 (KHTML, like Gecko) Chrome/78.0.3904.70 Mobile Safari/537.36"
::1 - - [02/Nov/2019:15:15:35 +0000] "GET /api/members/rlE7n0uK HTTP/1.1" 200 169 "http://localhost:4200/profile/rlE7n0uK" "Mozilla/5.0 (Linux; Android 6.0; Nexus 5 Build/MRA58N) AppleWebKit/537.36 (KHTML, like Gecko) Chrome/78.0.3904.70 Mobile Safari/537.36"
::1 - - [02/Nov/2019:15:15:50 +0000] "GET /api/members/rlE7n0uK HTTP/1.1" 200 169 "http://localhost:4200/profile/rlE7n0uK" "Mozilla/5.0 (Linux; Android 6.0; Nexus 5 Build/MRA58N) AppleWebKit/537.36 (KHTML, like Gecko) Chrome/78.0.3904.70 Mobile Safari/537.36"
::1 - - [02/Nov/2019:15:15:50 +0000] "GET /api/members/rlE7n0uK HTTP/1.1" 200 169 "http://localhost:4200/profile/rlE7n0uK" "Mozilla/5.0 (Linux; Android 6.0; Nexus 5 Build/MRA58N) AppleWebKit/537.36 (KHTML, like Gecko) Chrome/78.0.3904.70 Mobile Safari/537.36"
::1 - - [02/Nov/2019:15:15:54 +0000] "GET /api/members/rlE7n0uK HTTP/1.1" 200 169 "http://localhost:4200/profile/rlE7n0uK" "Mozilla/5.0 (Linux; Android 6.0; Nexus 5 Build/MRA58N) AppleWebKit/537.36 (KHTML, like Gecko) Chrome/78.0.3904.70 Mobile Safari/537.36"
::1 - - [02/Nov/2019:15:15:54 +0000] "GET /api/members/rlE7n0uK HTTP/1.1" 200 169 "http://localhost:4200/profile/rlE7n0uK" "Mozilla/5.0 (Linux; Android 6.0; Nexus 5 Build/MRA58N) AppleWebKit/537.36 (KHTML, like Gecko) Chrome/78.0.3904.70 Mobile Safari/537.36"
::1 - - [02/Nov/2019:15:16:04 +0000] "GET /api/members/rlE7n0uK HTTP/1.1" 200 169 "http://localhost:4200/profile/rlE7n0uK" "Mozilla/5.0 (Linux; Android 6.0; Nexus 5 Build/MRA58N) AppleWebKit/537.36 (KHTML, like Gecko) Chrome/78.0.3904.70 Mobile Safari/537.36"
::1 - - [02/Nov/2019:15:16:04 +0000] "GET /api/members/rlE7n0uK HTTP/1.1" 200 169 "http://localhost:4200/profile/rlE7n0uK" "Mozilla/5.0 (Linux; Android 6.0; Nexus 5 Build/MRA58N) AppleWebKit/537.36 (KHTML, like Gecko) Chrome/78.0.3904.70 Mobile Safari/537.36"
::1 - - [02/Nov/2019:15:16:46 +0000] "GET /api/members/rlE7n0uK HTTP/1.1" 200 169 "http://localhost:4200/profile/rlE7n0uK" "Mozilla/5.0 (Linux; Android 6.0; Nexus 5 Build/MRA58N) AppleWebKit/537.36 (KHTML, like Gecko) Chrome/78.0.3904.70 Mobile Safari/537.36"
::1 - - [02/Nov/2019:15:16:46 +0000] "GET /api/members/rlE7n0uK HTTP/1.1" 200 169 "http://localhost:4200/profile/rlE7n0uK" "Mozilla/5.0 (Linux; Android 6.0; Nexus 5 Build/MRA58N) AppleWebKit/537.36 (KHTML, like Gecko) Chrome/78.0.3904.70 Mobile Safari/537.36"
::1 - - [02/Nov/2019:15:16:49 +0000] "GET /api/members/rlE7n0uK HTTP/1.1" 200 169 "http://localhost:4200/profile/rlE7n0uK" "Mozilla/5.0 (Linux; Android 6.0; Nexus 5 Build/MRA58N) AppleWebKit/537.36 (KHTML, like Gecko) Chrome/78.0.3904.70 Mobile Safari/537.36"
::1 - - [02/Nov/2019:15:16:49 +0000] "GET /api/members/rlE7n0uK HTTP/1.1" 200 169 "http://localhost:4200/profile/rlE7n0uK" "Mozilla/5.0 (Linux; Android 6.0; Nexus 5 Build/MRA58N) AppleWebKit/537.36 (KHTML, like Gecko) Chrome/78.0.3904.70 Mobile Safari/537.36"
::1 - - [02/Nov/2019:15:16:51 +0000] "GET /api/members/rlE7n0uK HTTP/1.1" 200 169 "http://localhost:4200/profile/rlE7n0uK" "Mozilla/5.0 (Linux; Android 6.0; Nexus 5 Build/MRA58N) AppleWebKit/537.36 (KHTML, like Gecko) Chrome/78.0.3904.70 Mobile Safari/537.36"
::1 - - [02/Nov/2019:15:16:51 +0000] "GET /api/members/rlE7n0uK HTTP/1.1" 200 169 "http://localhost:4200/profile/rlE7n0uK" "Mozilla/5.0 (Linux; Android 6.0; Nexus 5 Build/MRA58N) AppleWebKit/537.36 (KHTML, like Gecko) Chrome/78.0.3904.70 Mobile Safari/537.36"
::1 - - [02/Nov/2019:15:17:42 +0000] "GET /api/members/rlE7n0uK HTTP/1.1" 200 169 "http://localhost:4200/profile/rlE7n0uK" "Mozilla/5.0 (Linux; Android 6.0; Nexus 5 Build/MRA58N) AppleWebKit/537.36 (KHTML, like Gecko) Chrome/78.0.3904.70 Mobile Safari/537.36"
::1 - - [02/Nov/2019:15:17:42 +0000] "GET /api/members/rlE7n0uK HTTP/1.1" 200 169 "http://localhost:4200/profile/rlE7n0uK" "Mozilla/5.0 (Linux; Android 6.0; Nexus 5 Build/MRA58N) AppleWebKit/537.36 (KHTML, like Gecko) Chrome/78.0.3904.70 Mobile Safari/537.36"
::1 - - [02/Nov/2019:15:18:00 +0000] "GET /api/members/rlE7n0uK HTTP/1.1" 200 169 "http://localhost:4200/profile/rlE7n0uK" "Mozilla/5.0 (Linux; Android 6.0; Nexus 5 Build/MRA58N) AppleWebKit/537.36 (KHTML, like Gecko) Chrome/78.0.3904.70 Mobile Safari/537.36"
::1 - - [02/Nov/2019:15:18:00 +0000] "GET /api/members/rlE7n0uK HTTP/1.1" 200 169 "http://localhost:4200/profile/rlE7n0uK" "Mozilla/5.0 (Linux; Android 6.0; Nexus 5 Build/MRA58N) AppleWebKit/537.36 (KHTML, like Gecko) Chrome/78.0.3904.70 Mobile Safari/537.36"
::1 - - [02/Nov/2019:15:18:31 +0000] "GET /api/members/rlE7n0uK HTTP/1.1" 200 169 "http://localhost:4200/profile/rlE7n0uK" "Mozilla/5.0 (Linux; Android 6.0; Nexus 5 Build/MRA58N) AppleWebKit/537.36 (KHTML, like Gecko) Chrome/78.0.3904.70 Mobile Safari/537.36"
::1 - - [02/Nov/2019:15:18:31 +0000] "GET /api/members/rlE7n0uK HTTP/1.1" 200 169 "http://localhost:4200/profile/rlE7n0uK" "Mozilla/5.0 (Linux; Android 6.0; Nexus 5 Build/MRA58N) AppleWebKit/537.36 (KHTML, like Gecko) Chrome/78.0.3904.70 Mobile Safari/537.36"
::1 - - [02/Nov/2019:15:18:36 +0000] "GET /api/members/rlE7n0uK HTTP/1.1" 200 169 "http://localhost:4200/profile/rlE7n0uK" "Mozilla/5.0 (Linux; Android 6.0; Nexus 5 Build/MRA58N) AppleWebKit/537.36 (KHTML, like Gecko) Chrome/78.0.3904.70 Mobile Safari/537.36"
::1 - - [02/Nov/2019:15:18:36 +0000] "GET /api/members/rlE7n0uK HTTP/1.1" 200 169 "http://localhost:4200/profile/rlE7n0uK" "Mozilla/5.0 (Linux; Android 6.0; Nexus 5 Build/MRA58N) AppleWebKit/537.36 (KHTML, like Gecko) Chrome/78.0.3904.70 Mobile Safari/537.36"
::1 - - [02/Nov/2019:15:18:38 +0000] "GET /api/members/rlE7n0uK HTTP/1.1" 200 169 "http://localhost:4200/profile/rlE7n0uK" "Mozilla/5.0 (Linux; Android 6.0; Nexus 5 Build/MRA58N) AppleWebKit/537.36 (KHTML, like Gecko) Chrome/78.0.3904.70 Mobile Safari/537.36"
::1 - - [02/Nov/2019:15:18:38 +0000] "GET /api/members/rlE7n0uK HTTP/1.1" 200 169 "http://localhost:4200/profile/rlE7n0uK" "Mozilla/5.0 (Linux; Android 6.0; Nexus 5 Build/MRA58N) AppleWebKit/537.36 (KHTML, like Gecko) Chrome/78.0.3904.70 Mobile Safari/537.36"
::1 - - [02/Nov/2019:15:18:53 +0000] "GET /api/members/rlE7n0uK HTTP/1.1" 200 169 "http://localhost:4200/profile/rlE7n0uK" "Mozilla/5.0 (Linux; Android 6.0; Nexus 5 Build/MRA58N) AppleWebKit/537.36 (KHTML, like Gecko) Chrome/78.0.3904.70 Mobile Safari/537.36"
::1 - - [02/Nov/2019:15:18:53 +0000] "GET /api/members/rlE7n0uK HTTP/1.1" 200 169 "http://localhost:4200/profile/rlE7n0uK" "Mozilla/5.0 (Linux; Android 6.0; Nexus 5 Build/MRA58N) AppleWebKit/537.36 (KHTML, like Gecko) Chrome/78.0.3904.70 Mobile Safari/537.36"
::1 - - [02/Nov/2019:15:18:58 +0000] "GET /api/members/rlE7n0uK HTTP/1.1" 200 169 "http://localhost:4200/profile/rlE7n0uK" "Mozilla/5.0 (Linux; Android 6.0; Nexus 5 Build/MRA58N) AppleWebKit/537.36 (KHTML, like Gecko) Chrome/78.0.3904.70 Mobile Safari/537.36"
::1 - - [02/Nov/2019:15:18:58 +0000] "GET /api/members/rlE7n0uK HTTP/1.1" 200 169 "http://localhost:4200/profile/rlE7n0uK" "Mozilla/5.0 (Linux; Android 6.0; Nexus 5 Build/MRA58N) AppleWebKit/537.36 (KHTML, like Gecko) Chrome/78.0.3904.70 Mobile Safari/537.36"
::1 - - [02/Nov/2019:15:19:06 +0000] "GET /api/members/rlE7n0uK HTTP/1.1" 200 169 "http://localhost:4200/profile/rlE7n0uK" "Mozilla/5.0 (Linux; Android 6.0; Nexus 5 Build/MRA58N) AppleWebKit/537.36 (KHTML, like Gecko) Chrome/78.0.3904.70 Mobile Safari/537.36"
::1 - - [02/Nov/2019:15:19:06 +0000] "GET /api/members/rlE7n0uK HTTP/1.1" 200 169 "http://localhost:4200/profile/rlE7n0uK" "Mozilla/5.0 (Linux; Android 6.0; Nexus 5 Build/MRA58N) AppleWebKit/537.36 (KHTML, like Gecko) Chrome/78.0.3904.70 Mobile Safari/537.36"
::1 - - [02/Nov/2019:15:19:16 +0000] "GET /api/members/rlE7n0uK HTTP/1.1" 200 169 "http://localhost:4200/profile/rlE7n0uK" "Mozilla/5.0 (Linux; Android 6.0; Nexus 5 Build/MRA58N) AppleWebKit/537.36 (KHTML, like Gecko) Chrome/78.0.3904.70 Mobile Safari/537.36"
::1 - - [02/Nov/2019:15:19:16 +0000] "GET /api/members/rlE7n0uK HTTP/1.1" 200 169 "http://localhost:4200/profile/rlE7n0uK" "Mozilla/5.0 (Linux; Android 6.0; Nexus 5 Build/MRA58N) AppleWebKit/537.36 (KHTML, like Gecko) Chrome/78.0.3904.70 Mobile Safari/537.36"
::1 - - [02/Nov/2019:15:19:55 +0000] "GET /api/members/rlE7n0uK HTTP/1.1" 200 169 "http://localhost:4200/profile/rlE7n0uK" "Mozilla/5.0 (Linux; Android 6.0; Nexus 5 Build/MRA58N) AppleWebKit/537.36 (KHTML, like Gecko) Chrome/78.0.3904.70 Mobile Safari/537.36"
::1 - - [02/Nov/2019:15:19:55 +0000] "GET /api/members/rlE7n0uK HTTP/1.1" 200 169 "http://localhost:4200/profile/rlE7n0uK" "Mozilla/5.0 (Linux; Android 6.0; Nexus 5 Build/MRA58N) AppleWebKit/537.36 (KHTML, like Gecko) Chrome/78.0.3904.70 Mobile Safari/537.36"
::1 - - [02/Nov/2019:15:20:02 +0000] "GET /api/members/rlE7n0uK HTTP/1.1" 200 169 "http://localhost:4200/profile/rlE7n0uK" "Mozilla/5.0 (Linux; Android 6.0; Nexus 5 Build/MRA58N) AppleWebKit/537.36 (KHTML, like Gecko) Chrome/78.0.3904.70 Mobile Safari/537.36"
::1 - - [02/Nov/2019:15:20:02 +0000] "GET /api/members/rlE7n0uK HTTP/1.1" 200 169 "http://localhost:4200/profile/rlE7n0uK" "Mozilla/5.0 (Linux; Android 6.0; Nexus 5 Build/MRA58N) AppleWebKit/537.36 (KHTML, like Gecko) Chrome/78.0.3904.70 Mobile Safari/537.36"
::1 - - [02/Nov/2019:15:20:06 +0000] "GET /api/members/rlE7n0uK HTTP/1.1" 200 169 "http://localhost:4200/profile/rlE7n0uK" "Mozilla/5.0 (Linux; Android 6.0; Nexus 5 Build/MRA58N) AppleWebKit/537.36 (KHTML, like Gecko) Chrome/78.0.3904.70 Mobile Safari/537.36"
::1 - - [02/Nov/2019:15:20:06 +0000] "GET /api/members/rlE7n0uK HTTP/1.1" 200 169 "http://localhost:4200/profile/rlE7n0uK" "Mozilla/5.0 (Linux; Android 6.0; Nexus 5 Build/MRA58N) AppleWebKit/537.36 (KHTML, like Gecko) Chrome/78.0.3904.70 Mobile Safari/537.36"
::1 - - [02/Nov/2019:15:20:21 +0000] "GET /api/members/rlE7n0uK HTTP/1.1" 200 169 "http://localhost:4200/profile/rlE7n0uK" "Mozilla/5.0 (Linux; Android 6.0; Nexus 5 Build/MRA58N) AppleWebKit/537.36 (KHTML, like Gecko) Chrome/78.0.3904.70 Mobile Safari/537.36"
::1 - - [02/Nov/2019:15:20:21 +0000] "GET /api/members/rlE7n0uK HTTP/1.1" 200 169 "http://localhost:4200/profile/rlE7n0uK" "Mozilla/5.0 (Linux; Android 6.0; Nexus 5 Build/MRA58N) AppleWebKit/537.36 (KHTML, like Gecko) Chrome/78.0.3904.70 Mobile Safari/537.36"
::1 - - [02/Nov/2019:15:21:16 +0000] "GET /api/members/rlE7n0uK HTTP/1.1" 200 169 "http://localhost:4200/profile/rlE7n0uK" "Mozilla/5.0 (Linux; Android 6.0; Nexus 5 Build/MRA58N) AppleWebKit/537.36 (KHTML, like Gecko) Chrome/78.0.3904.70 Mobile Safari/537.36"
::1 - - [02/Nov/2019:15:21:16 +0000] "GET /api/members/rlE7n0uK HTTP/1.1" 200 169 "http://localhost:4200/profile/rlE7n0uK" "Mozilla/5.0 (Linux; Android 6.0; Nexus 5 Build/MRA58N) AppleWebKit/537.36 (KHTML, like Gecko) Chrome/78.0.3904.70 Mobile Safari/537.36"
::1 - - [02/Nov/2019:15:21:19 +0000] "GET /api/members/rlE7n0uK HTTP/1.1" 200 169 "http://localhost:4200/profile/rlE7n0uK" "Mozilla/5.0 (Linux; Android 6.0; Nexus 5 Build/MRA58N) AppleWebKit/537.36 (KHTML, like Gecko) Chrome/78.0.3904.70 Mobile Safari/537.36"
::1 - - [02/Nov/2019:15:21:19 +0000] "GET /api/members/rlE7n0uK HTTP/1.1" 200 169 "http://localhost:4200/profile/rlE7n0uK" "Mozilla/5.0 (Linux; Android 6.0; Nexus 5 Build/MRA58N) AppleWebKit/537.36 (KHTML, like Gecko) Chrome/78.0.3904.70 Mobile Safari/537.36"
::1 - - [02/Nov/2019:15:24:04 +0000] "GET /api/members/rlE7n0uK HTTP/1.1" 200 169 "http://localhost:4200/profile/rlE7n0uK" "Mozilla/5.0 (Linux; Android 6.0; Nexus 5 Build/MRA58N) AppleWebKit/537.36 (KHTML, like Gecko) Chrome/78.0.3904.70 Mobile Safari/537.36"
::1 - - [02/Nov/2019:15:24:04 +0000] "GET /api/members/rlE7n0uK HTTP/1.1" 200 169 "http://localhost:4200/profile/rlE7n0uK" "Mozilla/5.0 (Linux; Android 6.0; Nexus 5 Build/MRA58N) AppleWebKit/537.36 (KHTML, like Gecko) Chrome/78.0.3904.70 Mobile Safari/537.36"
::1 - - [02/Nov/2019:15:24:07 +0000] "GET /api/members/rlE7n0uK HTTP/1.1" 200 169 "http://localhost:4200/profile/rlE7n0uK" "Mozilla/5.0 (Linux; Android 6.0; Nexus 5 Build/MRA58N) AppleWebKit/537.36 (KHTML, like Gecko) Chrome/78.0.3904.70 Mobile Safari/537.36"
::1 - - [02/Nov/2019:15:24:07 +0000] "GET /api/members/rlE7n0uK HTTP/1.1" 200 169 "http://localhost:4200/profile/rlE7n0uK" "Mozilla/5.0 (Linux; Android 6.0; Nexus 5 Build/MRA58N) AppleWebKit/537.36 (KHTML, like Gecko) Chrome/78.0.3904.70 Mobile Safari/537.36"
::1 - - [02/Nov/2019:15:24:10 +0000] "GET /api/members/rlE7n0uK HTTP/1.1" 200 169 "http://localhost:4200/profile/rlE7n0uK" "Mozilla/5.0 (Linux; Android 6.0; Nexus 5 Build/MRA58N) AppleWebKit/537.36 (KHTML, like Gecko) Chrome/78.0.3904.70 Mobile Safari/537.36"
::1 - - [02/Nov/2019:15:24:10 +0000] "GET /api/members/rlE7n0uK HTTP/1.1" 200 169 "http://localhost:4200/profile/rlE7n0uK" "Mozilla/5.0 (Linux; Android 6.0; Nexus 5 Build/MRA58N) AppleWebKit/537.36 (KHTML, like Gecko) Chrome/78.0.3904.70 Mobile Safari/537.36"
::1 - - [02/Nov/2019:15:24:13 +0000] "GET /api/members/rlE7n0uK HTTP/1.1" 200 169 "http://localhost:4200/profile/rlE7n0uK" "Mozilla/5.0 (Linux; Android 6.0; Nexus 5 Build/MRA58N) AppleWebKit/537.36 (KHTML, like Gecko) Chrome/78.0.3904.70 Mobile Safari/537.36"
::1 - - [02/Nov/2019:15:24:13 +0000] "GET /api/members/rlE7n0uK HTTP/1.1" 200 169 "http://localhost:4200/profile/rlE7n0uK" "Mozilla/5.0 (Linux; Android 6.0; Nexus 5 Build/MRA58N) AppleWebKit/537.36 (KHTML, like Gecko) Chrome/78.0.3904.70 Mobile Safari/537.36"
::1 - - [02/Nov/2019:15:24:22 +0000] "GET /api/members/rlE7n0uK HTTP/1.1" 200 169 "http://localhost:4200/profile/rlE7n0uK" "Mozilla/5.0 (Linux; Android 6.0; Nexus 5 Build/MRA58N) AppleWebKit/537.36 (KHTML, like Gecko) Chrome/78.0.3904.70 Mobile Safari/537.36"
::1 - - [02/Nov/2019:15:24:22 +0000] "GET /api/members/rlE7n0uK HTTP/1.1" 200 169 "http://localhost:4200/profile/rlE7n0uK" "Mozilla/5.0 (Linux; Android 6.0; Nexus 5 Build/MRA58N) AppleWebKit/537.36 (KHTML, like Gecko) Chrome/78.0.3904.70 Mobile Safari/537.36"
::1 - - [02/Nov/2019:15:24:28 +0000] "GET /api/members/rlE7n0uK HTTP/1.1" 200 169 "http://localhost:4200/profile/rlE7n0uK" "Mozilla/5.0 (Linux; Android 6.0; Nexus 5 Build/MRA58N) AppleWebKit/537.36 (KHTML, like Gecko) Chrome/78.0.3904.70 Mobile Safari/537.36"
::1 - - [02/Nov/2019:15:24:28 +0000] "GET /api/members/rlE7n0uK HTTP/1.1" 200 169 "http://localhost:4200/profile/rlE7n0uK" "Mozilla/5.0 (Linux; Android 6.0; Nexus 5 Build/MRA58N) AppleWebKit/537.36 (KHTML, like Gecko) Chrome/78.0.3904.70 Mobile Safari/537.36"
::1 - - [02/Nov/2019:15:24:38 +0000] "GET /api/members/rlE7n0uK HTTP/1.1" 200 169 "http://localhost:4200/profile/rlE7n0uK" "Mozilla/5.0 (Linux; Android 6.0; Nexus 5 Build/MRA58N) AppleWebKit/537.36 (KHTML, like Gecko) Chrome/78.0.3904.70 Mobile Safari/537.36"
::1 - - [02/Nov/2019:15:24:38 +0000] "GET /api/members/rlE7n0uK HTTP/1.1" 200 169 "http://localhost:4200/profile/rlE7n0uK" "Mozilla/5.0 (Linux; Android 6.0; Nexus 5 Build/MRA58N) AppleWebKit/537.36 (KHTML, like Gecko) Chrome/78.0.3904.70 Mobile Safari/537.36"
::1 - - [02/Nov/2019:15:24:45 +0000] "GET /api/members/rlE7n0uK HTTP/1.1" 200 169 "http://localhost:4200/profile/rlE7n0uK" "Mozilla/5.0 (Linux; Android 6.0; Nexus 5 Build/MRA58N) AppleWebKit/537.36 (KHTML, like Gecko) Chrome/78.0.3904.70 Mobile Safari/537.36"
::1 - - [02/Nov/2019:15:24:45 +0000] "GET /api/members/rlE7n0uK HTTP/1.1" 200 169 "http://localhost:4200/profile/rlE7n0uK" "Mozilla/5.0 (Linux; Android 6.0; Nexus 5 Build/MRA58N) AppleWebKit/537.36 (KHTML, like Gecko) Chrome/78.0.3904.70 Mobile Safari/537.36"
::1 - - [02/Nov/2019:15:24:58 +0000] "GET /api/members/rlE7n0uK HTTP/1.1" 200 169 "http://localhost:4200/profile/rlE7n0uK" "Mozilla/5.0 (Linux; Android 6.0; Nexus 5 Build/MRA58N) AppleWebKit/537.36 (KHTML, like Gecko) Chrome/78.0.3904.70 Mobile Safari/537.36"
::1 - - [02/Nov/2019:15:24:58 +0000] "GET /api/members/rlE7n0uK HTTP/1.1" 200 169 "http://localhost:4200/profile/rlE7n0uK" "Mozilla/5.0 (Linux; Android 6.0; Nexus 5 Build/MRA58N) AppleWebKit/537.36 (KHTML, like Gecko) Chrome/78.0.3904.70 Mobile Safari/537.36"
::1 - - [02/Nov/2019:15:25:04 +0000] "GET /api/members/rlE7n0uK HTTP/1.1" 200 169 "http://localhost:4200/profile/rlE7n0uK" "Mozilla/5.0 (Linux; Android 6.0; Nexus 5 Build/MRA58N) AppleWebKit/537.36 (KHTML, like Gecko) Chrome/78.0.3904.70 Mobile Safari/537.36"
::1 - - [02/Nov/2019:15:25:04 +0000] "GET /api/members/rlE7n0uK HTTP/1.1" 200 169 "http://localhost:4200/profile/rlE7n0uK" "Mozilla/5.0 (Linux; Android 6.0; Nexus 5 Build/MRA58N) AppleWebKit/537.36 (KHTML, like Gecko) Chrome/78.0.3904.70 Mobile Safari/537.36"
::1 - - [02/Nov/2019:15:25:25 +0000] "GET /api/members/rlE7n0uK HTTP/1.1" 200 169 "http://localhost:4200/profile/rlE7n0uK" "Mozilla/5.0 (Linux; Android 6.0; Nexus 5 Build/MRA58N) AppleWebKit/537.36 (KHTML, like Gecko) Chrome/78.0.3904.70 Mobile Safari/537.36"
::1 - - [02/Nov/2019:15:25:25 +0000] "GET /api/members/rlE7n0uK HTTP/1.1" 200 169 "http://localhost:4200/profile/rlE7n0uK" "Mozilla/5.0 (Linux; Android 6.0; Nexus 5 Build/MRA58N) AppleWebKit/537.36 (KHTML, like Gecko) Chrome/78.0.3904.70 Mobile Safari/537.36"
::1 - - [02/Nov/2019:15:25:31 +0000] "GET /api/members/rlE7n0uK HTTP/1.1" 200 169 "http://localhost:4200/profile/rlE7n0uK" "Mozilla/5.0 (Linux; Android 6.0; Nexus 5 Build/MRA58N) AppleWebKit/537.36 (KHTML, like Gecko) Chrome/78.0.3904.70 Mobile Safari/537.36"
::1 - - [02/Nov/2019:15:25:31 +0000] "GET /api/members/rlE7n0uK HTTP/1.1" 200 169 "http://localhost:4200/profile/rlE7n0uK" "Mozilla/5.0 (Linux; Android 6.0; Nexus 5 Build/MRA58N) AppleWebKit/537.36 (KHTML, like Gecko) Chrome/78.0.3904.70 Mobile Safari/537.36"
::1 - - [02/Nov/2019:15:25:38 +0000] "GET /api/members/rlE7n0uK HTTP/1.1" 200 169 "http://localhost:4200/profile/rlE7n0uK" "Mozilla/5.0 (iPhone; OS 5_0 like Mac OS X) AppleWebKit/534.46 (KHTML, like Gecko) Version/5.1 Mobile/9A334 Safari/7534.48.3"
::1 - - [02/Nov/2019:15:25:38 +0000] "GET /api/members/rlE7n0uK HTTP/1.1" 200 169 "http://localhost:4200/profile/rlE7n0uK" "Mozilla/5.0 (iPhone; OS 5_0 like Mac OS X) AppleWebKit/534.46 (KHTML, like Gecko) Version/5.1 Mobile/9A334 Safari/7534.48.3"
::1 - - [02/Nov/2019:15:25:56 +0000] "GET /api/members/rlE7n0uK HTTP/1.1" 200 169 "http://localhost:4200/profile/rlE7n0uK" "Mozilla/5.0 (Linux; Android 6.0; Nexus 5 Build/MRA58N) AppleWebKit/537.36 (KHTML, like Gecko) Chrome/78.0.3904.70 Mobile Safari/537.36"
::1 - - [02/Nov/2019:15:25:56 +0000] "GET /api/members/rlE7n0uK HTTP/1.1" 200 169 "http://localhost:4200/profile/rlE7n0uK" "Mozilla/5.0 (Linux; Android 6.0; Nexus 5 Build/MRA58N) AppleWebKit/537.36 (KHTML, like Gecko) Chrome/78.0.3904.70 Mobile Safari/537.36"
::1 - - [02/Nov/2019:15:25:59 +0000] "GET /api/members/rlE7n0uK HTTP/1.1" 200 169 "http://localhost:4200/profile/rlE7n0uK" "Mozilla/5.0 (iPhone; OS 5_0 like Mac OS X) AppleWebKit/534.46 (KHTML, like Gecko) Version/5.1 Mobile/9A334 Safari/7534.48.3"
::1 - - [02/Nov/2019:15:25:59 +0000] "GET /api/members/rlE7n0uK HTTP/1.1" 200 169 "http://localhost:4200/profile/rlE7n0uK" "Mozilla/5.0 (iPhone; OS 5_0 like Mac OS X) AppleWebKit/534.46 (KHTML, like Gecko) Version/5.1 Mobile/9A334 Safari/7534.48.3"
::1 - - [27/Dec/2019:18:35:24 +0000] "POST /api/auth/login HTTP/1.1" 200 415 "http://localhost:4200/auth/login" "Mozilla/5.0 (Macintosh; Intel Mac OS X 10_15_2) AppleWebKit/537.36 (KHTML, like Gecko) Chrome/78.0.3904.108 Safari/537.36"
::1 - - [27/Dec/2019:18:35:44 +0000] "GET /api/members/rlE7n0uK HTTP/1.1" 200 169 "http://localhost:4200/home/profile" "Mozilla/5.0 (Macintosh; Intel Mac OS X 10_15_2) AppleWebKit/537.36 (KHTML, like Gecko) Chrome/78.0.3904.108 Safari/537.36"
::1 - - [27/Dec/2019:18:35:49 +0000] "GET /api/members/rlE7n0uK HTTP/1.1" 304 - "http://localhost:4200/home" "Mozilla/5.0 (Macintosh; Intel Mac OS X 10_15_2) AppleWebKit/537.36 (KHTML, like Gecko) Chrome/78.0.3904.108 Safari/537.36"
::1 - - [27/Dec/2019:21:42:42 +0000] "POST /api/auth/login HTTP/1.1" 200 415 "http://localhost:4200/auth/login" "Mozilla/5.0 (Macintosh; Intel Mac OS X 10_15_2) AppleWebKit/537.36 (KHTML, like Gecko) Chrome/78.0.3904.108 Safari/537.36"
::1 - - [27/Dec/2019:21:42:53 +0000] "GET /api/members/rlE7n0uK HTTP/1.1" 200 169 "http://localhost:4200/about" "Mozilla/5.0 (Macintosh; Intel Mac OS X 10_15_2) AppleWebKit/537.36 (KHTML, like Gecko) Chrome/78.0.3904.108 Safari/537.36"
::1 - - [27/Dec/2019:21:51:12 +0000] "GET /api/members/rlE7n0uK HTTP/1.1" 200 169 "http://localhost:4200/profile/rlE7n0uK" "Mozilla/5.0 (iPhone; OS 5_0 like Mac OS X) AppleWebKit/534.46 (KHTML, like Gecko) Version/5.1 Mobile/9A334 Safari/7534.48.3"
::1 - - [27/Dec/2019:21:51:12 +0000] "GET /api/members/rlE7n0uK HTTP/1.1" 200 169 "http://localhost:4200/profile/rlE7n0uK" "Mozilla/5.0 (iPhone; OS 5_0 like Mac OS X) AppleWebKit/534.46 (KHTML, like Gecko) Version/5.1 Mobile/9A334 Safari/7534.48.3"
::1 - - [27/Dec/2019:21:51:33 +0000] "GET /api/members/rlE7n0uK HTTP/1.1" 200 169 "http://localhost:4200/profile/rlE7n0uK" "Mozilla/5.0 (Linux; Android 5.0.2; SAMSUNG SM-T550 Build/LRX22G) AppleWebKit/537.36 (KHTML, like Gecko) SamsungBrowser/3.3 Chrome/38.0.2125.102 Safari/537.36"
::1 - - [27/Dec/2019:21:51:33 +0000] "GET /api/members/rlE7n0uK HTTP/1.1" 200 169 "http://localhost:4200/profile/rlE7n0uK" "Mozilla/5.0 (Linux; Android 5.0.2; SAMSUNG SM-T550 Build/LRX22G) AppleWebKit/537.36 (KHTML, like Gecko) SamsungBrowser/3.3 Chrome/38.0.2125.102 Safari/537.36"
::1 - - [27/Dec/2019:21:52:23 +0000] "GET /api/members/rlE7n0uK HTTP/1.1" 200 169 "http://localhost:4200/profile/rlE7n0uK" "Mozilla/5.0 (Linux; Android 5.0.2; SAMSUNG SM-T550 Build/LRX22G) AppleWebKit/537.36 (KHTML, like Gecko) SamsungBrowser/3.3 Chrome/38.0.2125.102 Safari/537.36"
::1 - - [27/Dec/2019:21:52:23 +0000] "GET /api/members/rlE7n0uK HTTP/1.1" 200 169 "http://localhost:4200/profile/rlE7n0uK" "Mozilla/5.0 (Linux; Android 5.0.2; SAMSUNG SM-T550 Build/LRX22G) AppleWebKit/537.36 (KHTML, like Gecko) SamsungBrowser/3.3 Chrome/38.0.2125.102 Safari/537.36"
::1 - - [27/Dec/2019:21:52:23 +0000] "GET /api/members/rlE7n0uK HTTP/1.1" 304 - "http://localhost:4200/profile/rlE7n0uK" "Mozilla/5.0 (Macintosh; Intel Mac OS X 10_15_2) AppleWebKit/537.36 (KHTML, like Gecko) Chrome/78.0.3904.108 Safari/537.36"
::1 - - [27/Dec/2019:21:52:23 +0000] "GET /api/members/rlE7n0uK HTTP/1.1" 304 - "http://localhost:4200/profile/rlE7n0uK" "Mozilla/5.0 (Macintosh; Intel Mac OS X 10_15_2) AppleWebKit/537.36 (KHTML, like Gecko) Chrome/78.0.3904.108 Safari/537.36"
::1 - - [27/Dec/2019:21:52:27 +0000] "GET /api/members/rlE7n0uK HTTP/1.1" 304 - "http://localhost:4200/profile/rlE7n0uK" "Mozilla/5.0 (Macintosh; Intel Mac OS X 10_15_2) AppleWebKit/537.36 (KHTML, like Gecko) Chrome/78.0.3904.108 Safari/537.36"
::1 - - [27/Dec/2019:21:52:27 +0000] "GET /api/members/rlE7n0uK HTTP/1.1" 304 - "http://localhost:4200/profile/rlE7n0uK" "Mozilla/5.0 (Macintosh; Intel Mac OS X 10_15_2) AppleWebKit/537.36 (KHTML, like Gecko) Chrome/78.0.3904.108 Safari/537.36"
::1 - - [27/Dec/2019:21:52:27 +0000] "GET /api/members/rlE7n0uK HTTP/1.1" 200 169 "http://localhost:4200/profile/rlE7n0uK" "Mozilla/5.0 (Linux; Android 5.0.2; SAMSUNG SM-T550 Build/LRX22G) AppleWebKit/537.36 (KHTML, like Gecko) SamsungBrowser/3.3 Chrome/38.0.2125.102 Safari/537.36"
::1 - - [27/Dec/2019:21:52:27 +0000] "GET /api/members/rlE7n0uK HTTP/1.1" 200 169 "http://localhost:4200/profile/rlE7n0uK" "Mozilla/5.0 (Linux; Android 5.0.2; SAMSUNG SM-T550 Build/LRX22G) AppleWebKit/537.36 (KHTML, like Gecko) SamsungBrowser/3.3 Chrome/38.0.2125.102 Safari/537.36"
::1 - - [27/Dec/2019:21:54:16 +0000] "GET /api/members/rlE7n0uK HTTP/1.1" 304 - "http://localhost:4200/about" "Mozilla/5.0 (Macintosh; Intel Mac OS X 10_15_2) AppleWebKit/537.36 (KHTML, like Gecko) Chrome/78.0.3904.108 Safari/537.36"
::1 - - [27/Dec/2019:22:27:57 +0000] "GET /api/members/rlE7n0uK HTTP/1.1" 304 - "http://localhost:4200/" "Mozilla/5.0 (Macintosh; Intel Mac OS X 10_15_2) AppleWebKit/537.36 (KHTML, like Gecko) Chrome/78.0.3904.108 Safari/537.36"
::1 - - [27/Dec/2019:22:28:02 +0000] "GET /api/members/rlE7n0uK HTTP/1.1" 304 - "http://localhost:4200/home" "Mozilla/5.0 (Macintosh; Intel Mac OS X 10_15_2) AppleWebKit/537.36 (KHTML, like Gecko) Chrome/78.0.3904.108 Safari/537.36"
::1 - - [27/Dec/2019:22:31:07 +0000] "GET /api/members/rlE7n0uK HTTP/1.1" 304 - "http://localhost:4200/profile/rlE7n0uK" "Mozilla/5.0 (Macintosh; Intel Mac OS X 10_15_2) AppleWebKit/537.36 (KHTML, like Gecko) Chrome/78.0.3904.108 Safari/537.36"
::1 - - [27/Dec/2019:22:31:07 +0000] "GET /api/members/rlE7n0uK HTTP/1.1" 304 - "http://localhost:4200/profile/rlE7n0uK" "Mozilla/5.0 (Macintosh; Intel Mac OS X 10_15_2) AppleWebKit/537.36 (KHTML, like Gecko) Chrome/78.0.3904.108 Safari/537.36"
::1 - - [28/Dec/2019:13:54:27 +0000] "GET /api/members/rlE7n0uK HTTP/1.1" 304 - "http://localhost:4200/profile/rlE7n0uK" "Mozilla/5.0 (Macintosh; Intel Mac OS X 10_15_2) AppleWebKit/537.36 (KHTML, like Gecko) Chrome/78.0.3904.108 Safari/537.36"
::1 - - [28/Dec/2019:13:54:27 +0000] "GET /api/members/rlE7n0uK HTTP/1.1" 304 - "http://localhost:4200/profile/rlE7n0uK" "Mozilla/5.0 (Macintosh; Intel Mac OS X 10_15_2) AppleWebKit/537.36 (KHTML, like Gecko) Chrome/78.0.3904.108 Safari/537.36"
::1 - - [28/Dec/2019:13:55:07 +0000] "GET /api/members/rlE7n0uK HTTP/1.1" 304 - "http://localhost:4200/profile/rlE7n0uK" "Mozilla/5.0 (Macintosh; Intel Mac OS X 10_15_2) AppleWebKit/537.36 (KHTML, like Gecko) Chrome/78.0.3904.108 Safari/537.36"
::1 - - [28/Dec/2019:13:55:07 +0000] "GET /api/members/rlE7n0uK HTTP/1.1" 304 - "http://localhost:4200/profile/rlE7n0uK" "Mozilla/5.0 (Macintosh; Intel Mac OS X 10_15_2) AppleWebKit/537.36 (KHTML, like Gecko) Chrome/78.0.3904.108 Safari/537.36"
::1 - - [28/Dec/2019:13:55:12 +0000] "GET /api/members/rlE7n0uK HTTP/1.1" 304 - "http://localhost:4200/profile/rlE7n0uK" "Mozilla/5.0 (Macintosh; Intel Mac OS X 10_15_2) AppleWebKit/537.36 (KHTML, like Gecko) Chrome/78.0.3904.108 Safari/537.36"
::1 - - [28/Dec/2019:13:55:12 +0000] "GET /api/members/rlE7n0uK HTTP/1.1" 304 - "http://localhost:4200/profile/rlE7n0uK" "Mozilla/5.0 (Macintosh; Intel Mac OS X 10_15_2) AppleWebKit/537.36 (KHTML, like Gecko) Chrome/78.0.3904.108 Safari/537.36"
::1 - - [28/Dec/2019:13:55:40 +0000] "GET /api/members/rlE7n0uK HTTP/1.1" 304 - "http://localhost:4200/profile/rlE7n0uK" "Mozilla/5.0 (Macintosh; Intel Mac OS X 10_15_2) AppleWebKit/537.36 (KHTML, like Gecko) Chrome/78.0.3904.108 Safari/537.36"
::1 - - [28/Dec/2019:13:55:40 +0000] "GET /api/members/rlE7n0uK HTTP/1.1" 304 - "http://localhost:4200/profile/rlE7n0uK" "Mozilla/5.0 (Macintosh; Intel Mac OS X 10_15_2) AppleWebKit/537.36 (KHTML, like Gecko) Chrome/78.0.3904.108 Safari/537.36"
::1 - - [28/Dec/2019:13:56:40 +0000] "GET /api/members/rlE7n0uK HTTP/1.1" 304 - "http://localhost:4200/profile/rlE7n0uK" "Mozilla/5.0 (Macintosh; Intel Mac OS X 10_15_2) AppleWebKit/537.36 (KHTML, like Gecko) Chrome/78.0.3904.108 Safari/537.36"
::1 - - [28/Dec/2019:13:56:40 +0000] "GET /api/members/rlE7n0uK HTTP/1.1" 304 - "http://localhost:4200/profile/rlE7n0uK" "Mozilla/5.0 (Macintosh; Intel Mac OS X 10_15_2) AppleWebKit/537.36 (KHTML, like Gecko) Chrome/78.0.3904.108 Safari/537.36"
::1 - - [28/Dec/2019:13:56:44 +0000] "GET /api/members/rlE7n0uK HTTP/1.1" 304 - "http://localhost:4200/profile/rlE7n0uK" "Mozilla/5.0 (Macintosh; Intel Mac OS X 10_15_2) AppleWebKit/537.36 (KHTML, like Gecko) Chrome/78.0.3904.108 Safari/537.36"
::1 - - [28/Dec/2019:13:56:44 +0000] "GET /api/members/rlE7n0uK HTTP/1.1" 304 - "http://localhost:4200/profile/rlE7n0uK" "Mozilla/5.0 (Macintosh; Intel Mac OS X 10_15_2) AppleWebKit/537.36 (KHTML, like Gecko) Chrome/78.0.3904.108 Safari/537.36"
::1 - - [28/Dec/2019:13:56:47 +0000] "GET /api/members/rlE7n0uK HTTP/1.1" 304 - "http://localhost:4200/profile/rlE7n0uK" "Mozilla/5.0 (Macintosh; Intel Mac OS X 10_15_2) AppleWebKit/537.36 (KHTML, like Gecko) Chrome/78.0.3904.108 Safari/537.36"
::1 - - [28/Dec/2019:13:56:47 +0000] "GET /api/members/rlE7n0uK HTTP/1.1" 304 - "http://localhost:4200/profile/rlE7n0uK" "Mozilla/5.0 (Macintosh; Intel Mac OS X 10_15_2) AppleWebKit/537.36 (KHTML, like Gecko) Chrome/78.0.3904.108 Safari/537.36"
::1 - - [28/Dec/2019:13:56:56 +0000] "GET /api/members/rlE7n0uK HTTP/1.1" 304 - "http://localhost:4200/profile/rlE7n0uK" "Mozilla/5.0 (Macintosh; Intel Mac OS X 10_15_2) AppleWebKit/537.36 (KHTML, like Gecko) Chrome/78.0.3904.108 Safari/537.36"
::1 - - [28/Dec/2019:13:56:56 +0000] "GET /api/members/rlE7n0uK HTTP/1.1" 304 - "http://localhost:4200/profile/rlE7n0uK" "Mozilla/5.0 (Macintosh; Intel Mac OS X 10_15_2) AppleWebKit/537.36 (KHTML, like Gecko) Chrome/78.0.3904.108 Safari/537.36"
::1 - - [28/Dec/2019:13:57:03 +0000] "GET /api/members/rlE7n0uK HTTP/1.1" 304 - "http://localhost:4200/" "Mozilla/5.0 (Macintosh; Intel Mac OS X 10_15_2) AppleWebKit/537.36 (KHTML, like Gecko) Chrome/78.0.3904.108 Safari/537.36"
::1 - - [28/Dec/2019:13:57:11 +0000] "GET /api/members/rlE7n0uK HTTP/1.1" 304 - "http://localhost:4200/home" "Mozilla/5.0 (Macintosh; Intel Mac OS X 10_15_2) AppleWebKit/537.36 (KHTML, like Gecko) Chrome/78.0.3904.108 Safari/537.36"
::1 - - [28/Dec/2019:13:57:37 +0000] "GET /api/members/rlE7n0uK HTTP/1.1" 304 - "http://localhost:4200/home" "Mozilla/5.0 (Macintosh; Intel Mac OS X 10_15_2) AppleWebKit/537.36 (KHTML, like Gecko) Chrome/78.0.3904.108 Safari/537.36"
::1 - - [28/Dec/2019:13:57:53 +0000] "GET /api/members/rlE7n0uK HTTP/1.1" 304 - "http://localhost:4200/home" "Mozilla/5.0 (Macintosh; Intel Mac OS X 10_15_2) AppleWebKit/537.36 (KHTML, like Gecko) Chrome/78.0.3904.108 Safari/537.36"
::1 - - [28/Dec/2019:13:58:08 +0000] "GET /api/members/rlE7n0uK HTTP/1.1" 304 - "http://localhost:4200/home" "Mozilla/5.0 (Macintosh; Intel Mac OS X 10_15_2) AppleWebKit/537.36 (KHTML, like Gecko) Chrome/78.0.3904.108 Safari/537.36"
::1 - - [28/Dec/2019:13:58:37 +0000] "GET /api/members/rlE7n0uK HTTP/1.1" 304 - "http://localhost:4200/home" "Mozilla/5.0 (Macintosh; Intel Mac OS X 10_15_2) AppleWebKit/537.36 (KHTML, like Gecko) Chrome/78.0.3904.108 Safari/537.36"
::1 - - [29/Dec/2019:07:03:02 +0000] "GET /api/members/rlE7n0uK HTTP/1.1" - - "http://localhost:4200/home" "Mozilla/5.0 (Macintosh; Intel Mac OS X 10_15_2) AppleWebKit/537.36 (KHTML, like Gecko) Chrome/78.0.3904.108 Safari/537.36"
::1 - - [24/Jan/2020:17:29:39 +0000] "GET /api/members/rlE7n0uK HTTP/1.1" 304 - "http://localhost:4200/" "Mozilla/5.0 (Macintosh; Intel Mac OS X 10_15_2) AppleWebKit/537.36 (KHTML, like Gecko) Chrome/79.0.3945.88 Safari/537.36"
::1 - - [24/Jan/2020:17:29:55 +0000] "GET /api/members/rlE7n0uK HTTP/1.1" 304 - "http://localhost:4200/home" "Mozilla/5.0 (Macintosh; Intel Mac OS X 10_15_2) AppleWebKit/537.36 (KHTML, like Gecko) Chrome/79.0.3945.88 Safari/537.36"
::1 - - [24/Jan/2020:17:31:09 +0000] "GET /api/members/rlE7n0uK HTTP/1.1" 304 - "http://localhost:4200/profile/rlE7n0uK" "Mozilla/5.0 (Macintosh; Intel Mac OS X 10_15_2) AppleWebKit/537.36 (KHTML, like Gecko) Chrome/79.0.3945.88 Safari/537.36"
::1 - - [24/Jan/2020:17:31:09 +0000] "GET /api/members/rlE7n0uK HTTP/1.1" 304 - "http://localhost:4200/profile/rlE7n0uK" "Mozilla/5.0 (Macintosh; Intel Mac OS X 10_15_2) AppleWebKit/537.36 (KHTML, like Gecko) Chrome/79.0.3945.88 Safari/537.36"
::1 - - [24/Jan/2020:17:31:09 +0000] "GET /api/tweets/5db8698eab726462180dbbef/tweet HTTP/1.1" 404 180 "http://localhost:4200/profile/rlE7n0uK" "Mozilla/5.0 (Macintosh; Intel Mac OS X 10_15_2) AppleWebKit/537.36 (KHTML, like Gecko) Chrome/79.0.3945.88 Safari/537.36"
::1 - - [24/Jan/2020:17:31:13 +0000] "GET /api/members/rlE7n0uK HTTP/1.1" 304 - "http://localhost:4200/profile/rlE7n0uK" "Mozilla/5.0 (Macintosh; Intel Mac OS X 10_15_2) AppleWebKit/537.36 (KHTML, like Gecko) Chrome/79.0.3945.88 Safari/537.36"
::1 - - [24/Jan/2020:17:31:14 +0000] "GET /api/members/rlE7n0uK HTTP/1.1" 304 - "http://localhost:4200/profile/rlE7n0uK" "Mozilla/5.0 (Macintosh; Intel Mac OS X 10_15_2) AppleWebKit/537.36 (KHTML, like Gecko) Chrome/79.0.3945.88 Safari/537.36"
::1 - - [24/Jan/2020:17:31:34 +0000] "GET /api/members/rlE7n0uK HTTP/1.1" 304 - "http://localhost:4200/profile/rlE7n0uK" "Mozilla/5.0 (Macintosh; Intel Mac OS X 10_15_2) AppleWebKit/537.36 (KHTML, like Gecko) Chrome/79.0.3945.88 Safari/537.36"
::1 - - [24/Jan/2020:17:31:34 +0000] "GET /api/members/rlE7n0uK HTTP/1.1" 304 - "http://localhost:4200/profile/rlE7n0uK" "Mozilla/5.0 (Macintosh; Intel Mac OS X 10_15_2) AppleWebKit/537.36 (KHTML, like Gecko) Chrome/79.0.3945.88 Safari/537.36"
::1 - - [24/Jan/2020:17:31:34 +0000] "GET /api/tweets/5db8698eab726462180dbbef/tweet HTTP/1.1" 404 180 "http://localhost:4200/profile/rlE7n0uK" "Mozilla/5.0 (Macintosh; Intel Mac OS X 10_15_2) AppleWebKit/537.36 (KHTML, like Gecko) Chrome/79.0.3945.88 Safari/537.36"
::1 - - [24/Jan/2020:17:31:37 +0000] "GET /api/members/rlE7n0uK HTTP/1.1" 304 - "http://localhost:4200/profile/rlE7n0uK" "Mozilla/5.0 (Macintosh; Intel Mac OS X 10_15_2) AppleWebKit/537.36 (KHTML, like Gecko) Chrome/79.0.3945.88 Safari/537.36"
::1 - - [24/Jan/2020:17:31:37 +0000] "GET /api/members/rlE7n0uK HTTP/1.1" 304 - "http://localhost:4200/profile/rlE7n0uK" "Mozilla/5.0 (Macintosh; Intel Mac OS X 10_15_2) AppleWebKit/537.36 (KHTML, like Gecko) Chrome/79.0.3945.88 Safari/537.36"
::1 - - [24/Jan/2020:17:31:38 +0000] "GET /api/tweets/5db8698eab726462180dbbef/tweet HTTP/1.1" 404 180 "http://localhost:4200/profile/rlE7n0uK" "Mozilla/5.0 (Macintosh; Intel Mac OS X 10_15_2) AppleWebKit/537.36 (KHTML, like Gecko) Chrome/79.0.3945.88 Safari/537.36"
::1 - - [24/Jan/2020:17:31:42 +0000] "GET /api/members/rlE7n0uK HTTP/1.1" 304 - "http://localhost:4200/profile/rlE7n0uK" "Mozilla/5.0 (Macintosh; Intel Mac OS X 10_15_2) AppleWebKit/537.36 (KHTML, like Gecko) Chrome/79.0.3945.88 Safari/537.36"
::1 - - [24/Jan/2020:17:31:42 +0000] "GET /api/members/rlE7n0uK HTTP/1.1" 304 - "http://localhost:4200/profile/rlE7n0uK" "Mozilla/5.0 (Macintosh; Intel Mac OS X 10_15_2) AppleWebKit/537.36 (KHTML, like Gecko) Chrome/79.0.3945.88 Safari/537.36"
::1 - - [24/Jan/2020:17:31:42 +0000] "GET /api/tweets/5db8698eab726462180dbbef/tweet HTTP/1.1" 404 180 "http://localhost:4200/profile/rlE7n0uK" "Mozilla/5.0 (Macintosh; Intel Mac OS X 10_15_2) AppleWebKit/537.36 (KHTML, like Gecko) Chrome/79.0.3945.88 Safari/537.36"
::1 - - [24/Jan/2020:17:32:04 +0000] "GET /api/members/rlE7n0uK HTTP/1.1" 304 - "http://localhost:4200/profile/rlE7n0uK" "Mozilla/5.0 (Macintosh; Intel Mac OS X 10_15_2) AppleWebKit/537.36 (KHTML, like Gecko) Chrome/79.0.3945.88 Safari/537.36"
::1 - - [24/Jan/2020:17:32:04 +0000] "GET /api/members/rlE7n0uK HTTP/1.1" 304 - "http://localhost:4200/profile/rlE7n0uK" "Mozilla/5.0 (Macintosh; Intel Mac OS X 10_15_2) AppleWebKit/537.36 (KHTML, like Gecko) Chrome/79.0.3945.88 Safari/537.36"
::1 - - [24/Jan/2020:17:32:04 +0000] "GET /api/tweets/rlE7n0uK/tweet HTTP/1.1" 404 164 "http://localhost:4200/profile/rlE7n0uK" "Mozilla/5.0 (Macintosh; Intel Mac OS X 10_15_2) AppleWebKit/537.36 (KHTML, like Gecko) Chrome/79.0.3945.88 Safari/537.36"
::1 - - [24/Jan/2020:17:37:30 +0000] "GET /api/members/rlE7n0uK HTTP/1.1" 304 - "http://localhost:4200/profile/rlE7n0uK" "Mozilla/5.0 (Macintosh; Intel Mac OS X 10_15_2) AppleWebKit/537.36 (KHTML, like Gecko) Chrome/79.0.3945.88 Safari/537.36"
::1 - - [24/Jan/2020:17:37:30 +0000] "GET /api/members/rlE7n0uK HTTP/1.1" 304 - "http://localhost:4200/profile/rlE7n0uK" "Mozilla/5.0 (Macintosh; Intel Mac OS X 10_15_2) AppleWebKit/537.36 (KHTML, like Gecko) Chrome/79.0.3945.88 Safari/537.36"
::1 - - [24/Jan/2020:17:37:30 +0000] "GET /api/members/rlE7n0uK/tweet HTTP/1.1" 404 165 "http://localhost:4200/profile/rlE7n0uK" "Mozilla/5.0 (Macintosh; Intel Mac OS X 10_15_2) AppleWebKit/537.36 (KHTML, like Gecko) Chrome/79.0.3945.88 Safari/537.36"
::1 - - [24/Jan/2020:17:37:48 +0000] "GET /api/members/rlE7n0uK HTTP/1.1" 304 - "http://localhost:4200/profile/rlE7n0uK" "Mozilla/5.0 (Macintosh; Intel Mac OS X 10_15_2) AppleWebKit/537.36 (KHTML, like Gecko) Chrome/79.0.3945.88 Safari/537.36"
::1 - - [24/Jan/2020:17:37:48 +0000] "GET /api/members/rlE7n0uK HTTP/1.1" 304 - "http://localhost:4200/profile/rlE7n0uK" "Mozilla/5.0 (Macintosh; Intel Mac OS X 10_15_2) AppleWebKit/537.36 (KHTML, like Gecko) Chrome/79.0.3945.88 Safari/537.36"
::1 - - [24/Jan/2020:17:37:48 +0000] "GET /api/members/rlE7n0uK/tweet HTTP/1.1" 404 165 "http://localhost:4200/profile/rlE7n0uK" "Mozilla/5.0 (Macintosh; Intel Mac OS X 10_15_2) AppleWebKit/537.36 (KHTML, like Gecko) Chrome/79.0.3945.88 Safari/537.36"
::1 - - [24/Jan/2020:17:38:20 +0000] "GET /api/members/rlE7n0uK HTTP/1.1" 304 - "http://localhost:4200/profile/rlE7n0uK" "Mozilla/5.0 (Macintosh; Intel Mac OS X 10_15_2) AppleWebKit/537.36 (KHTML, like Gecko) Chrome/79.0.3945.88 Safari/537.36"
::1 - - [24/Jan/2020:17:38:20 +0000] "GET /api/members/rlE7n0uK HTTP/1.1" 304 - "http://localhost:4200/profile/rlE7n0uK" "Mozilla/5.0 (Macintosh; Intel Mac OS X 10_15_2) AppleWebKit/537.36 (KHTML, like Gecko) Chrome/79.0.3945.88 Safari/537.36"
::1 - - [24/Jan/2020:17:38:21 +0000] "GET /api/members/rlE7n0uK/tweets HTTP/1.1" 200 754 "http://localhost:4200/profile/rlE7n0uK" "Mozilla/5.0 (Macintosh; Intel Mac OS X 10_15_2) AppleWebKit/537.36 (KHTML, like Gecko) Chrome/79.0.3945.88 Safari/537.36"
